Using pre-set license
Built from '2020.3/staging' branch; Version is '2020.3.13f1 (71691879b7f5) revision 7432472'; Using compiler version '192528614'; Build Type 'Release'
OS: 'Windows 10 Home; OS build 18362.418; Version 1903; 64bit' Language: 'pl' Physical Memory: 8107 MB
BatchMode: 1, IsHumanControllingUs: 0, StartBugReporterOnCrash: 0, Is64bit: 1, IsPro: 0

 COMMAND LINE ARGUMENTS:
C:\Program Files\Unity\Hub\Editor\2020.3.13f1\Editor\Unity.exe
-adb2
-batchMode
-noUpm
-name
AssetImportWorker0
-projectPath
C:/Users/Radek/source/repos/Kurs-Unity/Platformer
-logFile
Logs/AssetImportWorker0.log
-srvPort
50677
Successfully changed project path to: C:/Users/Radek/source/repos/Kurs-Unity/Platformer
C:/Users/Radek/source/repos/Kurs-Unity/Platformer
Using Asset Import Pipeline V2.
Refreshing native plugins compatible for Editor in 59.89 ms, found 3 plugins.
Preloading 0 native plugins for Editor in 0.00 ms.
Initialize engine version: 2020.3.13f1 (71691879b7f5)
[Subsystems] Discovering subsystems at path C:/Program Files/Unity/Hub/Editor/2020.3.13f1/Editor/Data/Resources/UnitySubsystems
[Subsystems] Discovering subsystems at path C:/Users/Radek/source/repos/Kurs-Unity/Platformer/Assets
GfxDevice: creating device client; threaded=0
Direct3D:
    Version:  Direct3D 11.0 [level 11.0]
    Renderer: NVIDIA GeForce GTX 950M (ID=0x139a)
    Vendor:   
    VRAM:     4065 MB
    Driver:   22.21.13.8205
Initialize mono
Mono path[0] = 'C:/Program Files/Unity/Hub/Editor/2020.3.13f1/Editor/Data/Managed'
Mono path[1] = 'C:/Program Files/Unity/Hub/Editor/2020.3.13f1/Editor/Data/MonoBleedingEdge/lib/mono/unityjit'
Mono config path = 'C:/Program Files/Unity/Hub/Editor/2020.3.13f1/Editor/Data/MonoBleedingEdge/etc'
Using monoOptions --debugger-agent=transport=dt_socket,embedding=1,server=y,suspend=n,address=127.0.0.1:56716
Begin MonoManager ReloadAssembly
Registering precompiled unity dll's ...
Register platform support module: C:/Program Files/Unity/Hub/Editor/2020.3.13f1/Editor/Data/PlaybackEngines/WindowsStandaloneSupport/UnityEditor.WindowsStandalone.Extensions.dll
Registered in 0.002545 seconds.
Native extension for WindowsStandalone target not found
Refreshing native plugins compatible for Editor in 53.97 ms, found 3 plugins.
Preloading 0 native plugins for Editor in 0.00 ms.
Mono: successfully reloaded assembly
- Completed reload, in  2.894 seconds
Platform modules already initialized, skipping
Registering precompiled user dll's ...
Registered in 0.005647 seconds.
Begin MonoManager ReloadAssembly
Native extension for WindowsStandalone target not found
Refreshing native plugins compatible for Editor in 52.20 ms, found 3 plugins.
Preloading 0 native plugins for Editor in 0.00 ms.
Mono: successfully reloaded assembly
- Completed reload, in  1.475 seconds
Platform modules already initialized, skipping
========================================================================
Worker process is ready to serve import requests
Launched and connected shader compiler UnityShaderCompiler.exe after 0.07 seconds
Refreshing native plugins compatible for Editor in 0.50 ms, found 3 plugins.
Preloading 0 native plugins for Editor in 0.00 ms.
Unloading 2085 Unused Serialized files (Serialized files now loaded: 0)
System memory in use before: 93.0 MB.
System memory in use after: 93.0 MB.

Unloading 33 unused Assets to reduce memory usage. Loaded Objects now: 2518.
Total: 3.665600 ms (FindLiveObjects: 0.267400 ms CreateObjectMapping: 0.091000 ms MarkObjects: 3.133400 ms  DeleteObjects: 0.172900 ms)

AssetImportParameters requested are different than current active one (requested -> active):
  custom:framework-win-MediaFoundation: 216162199b28c13a410421893ffa2e32 -> 
  custom:video-decoder-ogg-theora: a1e56fd34408186e4bbccfd4996cb3dc -> 
  custom:container-muxer-webm: aa71ff27fc2769a1b78a27578f13a17b -> 
  custom:container-demuxer-webm: 4f35f7cbe854078d1ac9338744f61a02 -> 
  custom:container-demuxer-ogg: 62fdf1f143b41e24485cea50d1cbac27 -> 
  custom:video-encoder-webm-vp8: eb34c28f22e8b96e1ab97ce403110664 -> 
  custom:video-decoder-webm-vp8: 9c59270c3fd7afecdb556c50c9e8de78 -> 
  custom:audio-decoder-ogg-vorbis: bf7c407c2cedff20999df2af8eb42d56 -> 
  custom:audio-encoder-webm-vorbis: bf7c407c2cedff20999df2af8eb42d56 -> 
========================================================================
Received Import Request.
  path: Assets/Main Characters/Virtual Guy/Jump (32x32).png
  artifactKey: Guid(d8e905dc91e43b543b9ba27d81bf9e47) Importer(815301076,1909f56bfc062723c751e8b465ee728b)
Start importing Assets/Main Characters/Virtual Guy/Jump (32x32).png using Guid(d8e905dc91e43b543b9ba27d81bf9e47) Importer(815301076,1909f56bfc062723c751e8b465ee728b)  -> (artifact id: '2c301f2ff489ea0127f09846ae411d08') in 0.131296 seconds 
  Import took 0.136219 seconds .

========================================================================
Received Import Request.
  Time since last request: 21.198535 seconds.
  path: Assets/Main Characters/Virtual Guy/Fall (32x32).png
  artifactKey: Guid(0056c0d9e71c3254bad22bf2daf69bf5) Importer(815301076,1909f56bfc062723c751e8b465ee728b)
Start importing Assets/Main Characters/Virtual Guy/Fall (32x32).png using Guid(0056c0d9e71c3254bad22bf2daf69bf5) Importer(815301076,1909f56bfc062723c751e8b465ee728b)  -> (artifact id: '2a4de48ee917f6200ec34ff19be64937') in 0.017074 seconds 
  Import took 0.024640 seconds .

========================================================================
Received Import Request.
  Time since last request: 0.008519 seconds.
  path: Assets/Main Characters/Virtual Guy/Fall (32x32).png
  artifactKey: Guid(0056c0d9e71c3254bad22bf2daf69bf5) Importer(815301076,1909f56bfc062723c751e8b465ee728b)
Start importing Assets/Main Characters/Virtual Guy/Fall (32x32).png using Guid(0056c0d9e71c3254bad22bf2daf69bf5) Importer(815301076,1909f56bfc062723c751e8b465ee728b)  -> (artifact id: '2a4de48ee917f6200ec34ff19be64937') in 0.031439 seconds 
  Import took 0.038577 seconds .

========================================================================
Received Import Request.
  Time since last request: 23.754624 seconds.
  path: Assets/Main Characters/Virtual Guy/Fall (32x32).png
  artifactKey: Guid(0056c0d9e71c3254bad22bf2daf69bf5) Importer(815301076,1909f56bfc062723c751e8b465ee728b)
Start importing Assets/Main Characters/Virtual Guy/Fall (32x32).png using Guid(0056c0d9e71c3254bad22bf2daf69bf5) Importer(815301076,1909f56bfc062723c751e8b465ee728b)  -> (artifact id: '060e46fd70ed167904fb0727134611e2') in 0.018065 seconds 
  Import took 0.024702 seconds .

========================================================================
Received Import Request.
  Time since last request: 0.016534 seconds.
  path: Assets/Main Characters/Virtual Guy/Fall (32x32).png
  artifactKey: Guid(0056c0d9e71c3254bad22bf2daf69bf5) Importer(815301076,1909f56bfc062723c751e8b465ee728b)
Start importing Assets/Main Characters/Virtual Guy/Fall (32x32).png using Guid(0056c0d9e71c3254bad22bf2daf69bf5) Importer(815301076,1909f56bfc062723c751e8b465ee728b)  -> (artifact id: '060e46fd70ed167904fb0727134611e2') in 0.018249 seconds 
  Import took 0.025592 seconds .

========================================================================
Received Import Request.
  Time since last request: 13.463388 seconds.
  path: Assets/Main Characters/Virtual Guy/Jump (32x32).png
  artifactKey: Guid(d8e905dc91e43b543b9ba27d81bf9e47) Importer(815301076,1909f56bfc062723c751e8b465ee728b)
Start importing Assets/Main Characters/Virtual Guy/Jump (32x32).png using Guid(d8e905dc91e43b543b9ba27d81bf9e47) Importer(815301076,1909f56bfc062723c751e8b465ee728b)  -> (artifact id: 'b92e42fe3f2af8a948544d7b486215e3') in 0.014188 seconds 
  Import took 0.022107 seconds .

========================================================================
Received Import Request.
  Time since last request: 0.020959 seconds.
  path: Assets/Main Characters/Virtual Guy/Jump (32x32).png
  artifactKey: Guid(d8e905dc91e43b543b9ba27d81bf9e47) Importer(815301076,1909f56bfc062723c751e8b465ee728b)
Start importing Assets/Main Characters/Virtual Guy/Jump (32x32).png using Guid(d8e905dc91e43b543b9ba27d81bf9e47) Importer(815301076,1909f56bfc062723c751e8b465ee728b)  -> (artifact id: 'b92e42fe3f2af8a948544d7b486215e3') in 0.020497 seconds 
  Import took 0.028766 seconds .

========================================================================
Received Import Request.
  Time since last request: 15.406388 seconds.
  path: Assets/PlayerController.controller
  artifactKey: Guid(88d5caf6b4b064b4eaf3b0be5ed3b7c6) Importer(815301076,1909f56bfc062723c751e8b465ee728b)
Start importing Assets/PlayerController.controller using Guid(88d5caf6b4b064b4eaf3b0be5ed3b7c6) Importer(815301076,1909f56bfc062723c751e8b465ee728b)  -> (artifact id: '475a50a6527750691b2b1aa50cd56320') in 0.020552 seconds 
  Import took 0.029248 seconds .

========================================================================
Received Prepare
Registering precompiled user dll's ...
Registered in 0.005356 seconds.
Begin MonoManager ReloadAssembly
Native extension for WindowsStandalone target not found
Refreshing native plugins compatible for Editor in 0.90 ms, found 3 plugins.
Preloading 0 native plugins for Editor in 0.00 ms.
Mono: successfully reloaded assembly
- Completed reload, in  1.359 seconds
Platform modules already initialized, skipping
Refreshing native plugins compatible for Editor in 0.55 ms, found 3 plugins.
Preloading 0 native plugins for Editor in 0.00 ms.
Unloading 2080 Unused Serialized files (Serialized files now loaded: 0)
System memory in use before: 95.9 MB.
System memory in use after: 95.9 MB.

Unloading 21 unused Assets to reduce memory usage. Loaded Objects now: 2528.
Total: 3.563200 ms (FindLiveObjects: 0.228000 ms CreateObjectMapping: 0.090700 ms MarkObjects: 3.109400 ms  DeleteObjects: 0.133800 ms)

AssetImportParameters requested are different than current active one (requested -> active):
  custom:framework-win-MediaFoundation: 216162199b28c13a410421893ffa2e32 -> 
  custom:video-decoder-ogg-theora: a1e56fd34408186e4bbccfd4996cb3dc -> 
  custom:container-muxer-webm: aa71ff27fc2769a1b78a27578f13a17b -> 
  custom:container-demuxer-webm: 4f35f7cbe854078d1ac9338744f61a02 -> 
  custom:container-demuxer-ogg: 62fdf1f143b41e24485cea50d1cbac27 -> 
  custom:video-encoder-webm-vp8: eb34c28f22e8b96e1ab97ce403110664 -> 
  custom:video-decoder-webm-vp8: 9c59270c3fd7afecdb556c50c9e8de78 -> 
  custom:audio-decoder-ogg-vorbis: bf7c407c2cedff20999df2af8eb42d56 -> 
  custom:audio-encoder-webm-vorbis: bf7c407c2cedff20999df2af8eb42d56 -> 
========================================================================
Received Prepare
Registering precompiled user dll's ...
Registered in 0.005228 seconds.
Begin MonoManager ReloadAssembly
Native extension for WindowsStandalone target not found
Refreshing native plugins compatible for Editor in 1.08 ms, found 3 plugins.
Preloading 0 native plugins for Editor in 0.00 ms.
Mono: successfully reloaded assembly
- Completed reload, in  1.501 seconds
Platform modules already initialized, skipping
Refreshing native plugins compatible for Editor in 0.53 ms, found 3 plugins.
Preloading 0 native plugins for Editor in 0.00 ms.
Unloading 2080 Unused Serialized files (Serialized files now loaded: 0)
System memory in use before: 96.0 MB.
System memory in use after: 96.0 MB.

Unloading 21 unused Assets to reduce memory usage. Loaded Objects now: 2532.
Total: 3.707500 ms (FindLiveObjects: 0.210100 ms CreateObjectMapping: 0.089300 ms MarkObjects: 3.263700 ms  DeleteObjects: 0.143200 ms)

AssetImportParameters requested are different than current active one (requested -> active):
  custom:framework-win-MediaFoundation: 216162199b28c13a410421893ffa2e32 -> 
  custom:video-decoder-ogg-theora: a1e56fd34408186e4bbccfd4996cb3dc -> 
  custom:container-muxer-webm: aa71ff27fc2769a1b78a27578f13a17b -> 
  custom:container-demuxer-webm: 4f35f7cbe854078d1ac9338744f61a02 -> 
  custom:container-demuxer-ogg: 62fdf1f143b41e24485cea50d1cbac27 -> 
  custom:video-encoder-webm-vp8: eb34c28f22e8b96e1ab97ce403110664 -> 
  custom:video-decoder-webm-vp8: 9c59270c3fd7afecdb556c50c9e8de78 -> 
  custom:audio-decoder-ogg-vorbis: bf7c407c2cedff20999df2af8eb42d56 -> 
  custom:audio-encoder-webm-vorbis: bf7c407c2cedff20999df2af8eb42d56 -> 
========================================================================
Received Prepare
Registering precompiled user dll's ...
Registered in 0.009807 seconds.
Begin MonoManager ReloadAssembly
Native extension for WindowsStandalone target not found
Refreshing native plugins compatible for Editor in 0.73 ms, found 3 plugins.
Preloading 0 native plugins for Editor in 0.00 ms.
Mono: successfully reloaded assembly
- Completed reload, in  1.358 seconds
Platform modules already initialized, skipping
Refreshing native plugins compatible for Editor in 0.58 ms, found 3 plugins.
Preloading 0 native plugins for Editor in 0.00 ms.
Unloading 2080 Unused Serialized files (Serialized files now loaded: 0)
System memory in use before: 96.0 MB.
System memory in use after: 96.0 MB.

Unloading 21 unused Assets to reduce memory usage. Loaded Objects now: 2536.
Total: 3.134800 ms (FindLiveObjects: 0.240100 ms CreateObjectMapping: 0.090800 ms MarkObjects: 2.651400 ms  DeleteObjects: 0.151300 ms)

AssetImportParameters requested are different than current active one (requested -> active):
  custom:framework-win-MediaFoundation: 216162199b28c13a410421893ffa2e32 -> 
  custom:video-decoder-ogg-theora: a1e56fd34408186e4bbccfd4996cb3dc -> 
  custom:container-muxer-webm: aa71ff27fc2769a1b78a27578f13a17b -> 
  custom:container-demuxer-webm: 4f35f7cbe854078d1ac9338744f61a02 -> 
  custom:container-demuxer-ogg: 62fdf1f143b41e24485cea50d1cbac27 -> 
  custom:video-encoder-webm-vp8: eb34c28f22e8b96e1ab97ce403110664 -> 
  custom:video-decoder-webm-vp8: 9c59270c3fd7afecdb556c50c9e8de78 -> 
  custom:audio-decoder-ogg-vorbis: bf7c407c2cedff20999df2af8eb42d56 -> 
  custom:audio-encoder-webm-vorbis: bf7c407c2cedff20999df2af8eb42d56 -> 
========================================================================
Received Prepare
Registering precompiled user dll's ...
Registered in 0.008374 seconds.
Begin MonoManager ReloadAssembly
Native extension for WindowsStandalone target not found
Refreshing native plugins compatible for Editor in 0.53 ms, found 3 plugins.
Preloading 0 native plugins for Editor in 0.00 ms.
Mono: successfully reloaded assembly
- Completed reload, in  1.427 seconds
Platform modules already initialized, skipping
Refreshing native plugins compatible for Editor in 0.53 ms, found 3 plugins.
Preloading 0 native plugins for Editor in 0.00 ms.
Unloading 2080 Unused Serialized files (Serialized files now loaded: 0)
System memory in use before: 96.0 MB.
System memory in use after: 96.0 MB.

Unloading 21 unused Assets to reduce memory usage. Loaded Objects now: 2540.
Total: 3.609400 ms (FindLiveObjects: 0.270500 ms CreateObjectMapping: 0.076900 ms MarkObjects: 3.116200 ms  DeleteObjects: 0.144400 ms)

AssetImportParameters requested are different than current active one (requested -> active):
  custom:framework-win-MediaFoundation: 216162199b28c13a410421893ffa2e32 -> 
  custom:video-decoder-ogg-theora: a1e56fd34408186e4bbccfd4996cb3dc -> 
  custom:container-muxer-webm: aa71ff27fc2769a1b78a27578f13a17b -> 
  custom:container-demuxer-webm: 4f35f7cbe854078d1ac9338744f61a02 -> 
  custom:container-demuxer-ogg: 62fdf1f143b41e24485cea50d1cbac27 -> 
  custom:video-encoder-webm-vp8: eb34c28f22e8b96e1ab97ce403110664 -> 
  custom:video-decoder-webm-vp8: 9c59270c3fd7afecdb556c50c9e8de78 -> 
  custom:audio-decoder-ogg-vorbis: bf7c407c2cedff20999df2af8eb42d56 -> 
  custom:audio-encoder-webm-vorbis: bf7c407c2cedff20999df2af8eb42d56 -> 
========================================================================
Received Prepare
Registering precompiled user dll's ...
Registered in 0.005778 seconds.
Begin MonoManager ReloadAssembly
Native extension for WindowsStandalone target not found
Refreshing native plugins compatible for Editor in 1.48 ms, found 3 plugins.
Preloading 0 native plugins for Editor in 0.00 ms.
Mono: successfully reloaded assembly
- Completed reload, in  2.335 seconds
Platform modules already initialized, skipping
Refreshing native plugins compatible for Editor in 1.03 ms, found 3 plugins.
Preloading 0 native plugins for Editor in 0.00 ms.
Unloading 2080 Unused Serialized files (Serialized files now loaded: 0)
System memory in use before: 96.0 MB.
System memory in use after: 96.0 MB.

Unloading 21 unused Assets to reduce memory usage. Loaded Objects now: 2544.
Total: 4.801800 ms (FindLiveObjects: 0.324400 ms CreateObjectMapping: 0.127600 ms MarkObjects: 4.186800 ms  DeleteObjects: 0.158800 ms)

AssetImportParameters requested are different than current active one (requested -> active):
  custom:framework-win-MediaFoundation: 216162199b28c13a410421893ffa2e32 -> 
  custom:video-decoder-ogg-theora: a1e56fd34408186e4bbccfd4996cb3dc -> 
  custom:container-muxer-webm: aa71ff27fc2769a1b78a27578f13a17b -> 
  custom:container-demuxer-webm: 4f35f7cbe854078d1ac9338744f61a02 -> 
  custom:container-demuxer-ogg: 62fdf1f143b41e24485cea50d1cbac27 -> 
  custom:video-encoder-webm-vp8: eb34c28f22e8b96e1ab97ce403110664 -> 
  custom:video-decoder-webm-vp8: 9c59270c3fd7afecdb556c50c9e8de78 -> 
  custom:audio-decoder-ogg-vorbis: bf7c407c2cedff20999df2af8eb42d56 -> 
  custom:audio-encoder-webm-vorbis: bf7c407c2cedff20999df2af8eb42d56 -> 
========================================================================
Received Prepare
Registering precompiled user dll's ...
Registered in 0.005440 seconds.
Begin MonoManager ReloadAssembly
Native extension for WindowsStandalone target not found
Refreshing native plugins compatible for Editor in 1.78 ms, found 3 plugins.
Preloading 0 native plugins for Editor in 0.00 ms.
Mono: successfully reloaded assembly
- Completed reload, in  1.578 seconds
Platform modules already initialized, skipping
Refreshing native plugins compatible for Editor in 0.57 ms, found 3 plugins.
Preloading 0 native plugins for Editor in 0.00 ms.
Unloading 2080 Unused Serialized files (Serialized files now loaded: 0)
System memory in use before: 96.1 MB.
System memory in use after: 96.0 MB.

Unloading 21 unused Assets to reduce memory usage. Loaded Objects now: 2548.
Total: 3.613000 ms (FindLiveObjects: 0.235600 ms CreateObjectMapping: 0.139400 ms MarkObjects: 3.089100 ms  DeleteObjects: 0.147800 ms)

AssetImportParameters requested are different than current active one (requested -> active):
  custom:framework-win-MediaFoundation: 216162199b28c13a410421893ffa2e32 -> 
  custom:video-decoder-ogg-theora: a1e56fd34408186e4bbccfd4996cb3dc -> 
  custom:container-muxer-webm: aa71ff27fc2769a1b78a27578f13a17b -> 
  custom:container-demuxer-webm: 4f35f7cbe854078d1ac9338744f61a02 -> 
  custom:container-demuxer-ogg: 62fdf1f143b41e24485cea50d1cbac27 -> 
  custom:video-encoder-webm-vp8: eb34c28f22e8b96e1ab97ce403110664 -> 
  custom:video-decoder-webm-vp8: 9c59270c3fd7afecdb556c50c9e8de78 -> 
  custom:audio-decoder-ogg-vorbis: bf7c407c2cedff20999df2af8eb42d56 -> 
  custom:audio-encoder-webm-vorbis: bf7c407c2cedff20999df2af8eb42d56 -> 
========================================================================
Received Import Request.
  Time since last request: 735.280862 seconds.
  path: Assets/Other/Confetti (16x16).png
  artifactKey: Guid(f217523b70ab3844aaa77983827d747c) Importer(815301076,1909f56bfc062723c751e8b465ee728b)
Start importing Assets/Other/Confetti (16x16).png using Guid(f217523b70ab3844aaa77983827d747c) Importer(815301076,1909f56bfc062723c751e8b465ee728b)  -> (artifact id: '7cb81c88d6ad51ad1f17a79abe52b2e2') in 0.461115 seconds 
  Import took 0.487664 seconds .

========================================================================
Received Import Request.
  Time since last request: 0.000356 seconds.
  path: Assets/Other/Transition.png
  artifactKey: Guid(365edeebe5ff26f42878e810347b0a18) Importer(815301076,1909f56bfc062723c751e8b465ee728b)
Start importing Assets/Other/Transition.png using Guid(365edeebe5ff26f42878e810347b0a18) Importer(815301076,1909f56bfc062723c751e8b465ee728b)  -> (artifact id: '6e4a29a06e8936d49eea7703b5978874') in 0.046858 seconds 
  Import took 0.061678 seconds .

========================================================================
Received Import Request.
  Time since last request: 0.003857 seconds.
  path: Assets/Other/Dust Particle.png
  artifactKey: Guid(2ece2553383261a46b991195d288bfa8) Importer(815301076,1909f56bfc062723c751e8b465ee728b)
Start importing Assets/Other/Dust Particle.png using Guid(2ece2553383261a46b991195d288bfa8) Importer(815301076,1909f56bfc062723c751e8b465ee728b)  -> (artifact id: '7ed9820afbbc7eefd5308b0ecf577b22') in 0.179276 seconds 
  Import took 0.199340 seconds .

========================================================================
Received Import Request.
  Time since last request: 0.000683 seconds.
  path: Assets/Other/Shadow.png
  artifactKey: Guid(a6150382d2d579d4f97cbf78406a7dd1) Importer(815301076,1909f56bfc062723c751e8b465ee728b)
Start importing Assets/Other/Shadow.png using Guid(a6150382d2d579d4f97cbf78406a7dd1) Importer(815301076,1909f56bfc062723c751e8b465ee728b)  -> (artifact id: '6ff3573f6d349b8dddc30718289c64af') in 0.132452 seconds 
  Import took 0.149918 seconds .

========================================================================
Received Import Request.
  Time since last request: 3.589508 seconds.
  path: Assets/Items/Fruits
  artifactKey: Guid(4bbcb60703b8c4142b054a078d196978) Importer(815301076,1909f56bfc062723c751e8b465ee728b)
Start importing Assets/Items/Fruits using Guid(4bbcb60703b8c4142b054a078d196978) Importer(815301076,1909f56bfc062723c751e8b465ee728b)  -> (artifact id: 'e739e63dd51bdeefa2881b45f8b25082') in 0.009623 seconds 
  Import took 0.028530 seconds .

========================================================================
Received Import Request.
  Time since last request: 0.000710 seconds.
  path: Assets/Items/Fruits
  artifactKey: Guid(4bbcb60703b8c4142b054a078d196978) Importer(815301076,1909f56bfc062723c751e8b465ee728b)
Start importing Assets/Items/Fruits using Guid(4bbcb60703b8c4142b054a078d196978) Importer(815301076,1909f56bfc062723c751e8b465ee728b)  -> (artifact id: 'e739e63dd51bdeefa2881b45f8b25082') in 0.012112 seconds 
  Import took 0.020238 seconds .

========================================================================
Received Import Request.
  Time since last request: 0.054474 seconds.
  path: Assets/Items/Fruits/Apple.png
  artifactKey: Guid(c779a4ed80e455a4ea7aaaeeaf1ecdd7) Importer(815301076,1909f56bfc062723c751e8b465ee728b)
Start importing Assets/Items/Fruits/Apple.png using Guid(c779a4ed80e455a4ea7aaaeeaf1ecdd7) Importer(815301076,1909f56bfc062723c751e8b465ee728b)  -> (artifact id: '934e44e83548a6320b4671fe734eb80e') in 0.034894 seconds 
  Import took 0.052516 seconds .

========================================================================
Received Import Request.
  Time since last request: 0.000677 seconds.
  path: Assets/Items/Fruits/Pineapple.png
  artifactKey: Guid(7c65a11110e72e247b1a977eb7f742a0) Importer(815301076,1909f56bfc062723c751e8b465ee728b)
Start importing Assets/Items/Fruits/Pineapple.png using Guid(7c65a11110e72e247b1a977eb7f742a0) Importer(815301076,1909f56bfc062723c751e8b465ee728b)  -> (artifact id: '7642ada3af70a18d99ee53e7d550748f') in 0.023448 seconds 
  Import took 0.036482 seconds .

========================================================================
Received Import Request.
  Time since last request: 0.000505 seconds.
  path: Assets/Items/Fruits/Cherries.png
  artifactKey: Guid(3781abc4b945f504a8db7dd81a587123) Importer(815301076,1909f56bfc062723c751e8b465ee728b)
Start importing Assets/Items/Fruits/Cherries.png using Guid(3781abc4b945f504a8db7dd81a587123) Importer(815301076,1909f56bfc062723c751e8b465ee728b)  -> (artifact id: '5ec50af1d64ff430615b6498d0870a14') in 0.036555 seconds 
  Import took 0.046775 seconds .

========================================================================
Received Import Request.
  Time since last request: 0.000264 seconds.
  path: Assets/Items/Fruits/Orange.png
  artifactKey: Guid(0ba321a78f7f81d4f8f2c1203923cc9d) Importer(815301076,1909f56bfc062723c751e8b465ee728b)
Start importing Assets/Items/Fruits/Orange.png using Guid(0ba321a78f7f81d4f8f2c1203923cc9d) Importer(815301076,1909f56bfc062723c751e8b465ee728b)  -> (artifact id: '5314f586a6789d455ce8ab533103348f') in 0.024094 seconds 
  Import took 0.036787 seconds .

========================================================================
Received Import Request.
  Time since last request: 0.000336 seconds.
  path: Assets/Items/Fruits/Strawberry.png
  artifactKey: Guid(a4b5fe7571451a443a29d51a97d42b17) Importer(815301076,1909f56bfc062723c751e8b465ee728b)
Start importing Assets/Items/Fruits/Strawberry.png using Guid(a4b5fe7571451a443a29d51a97d42b17) Importer(815301076,1909f56bfc062723c751e8b465ee728b)  -> (artifact id: '5962c5897241e084ec320b16341e5949') in 0.029902 seconds 
  Import took 0.039223 seconds .

========================================================================
Received Import Request.
  Time since last request: 0.000297 seconds.
  path: Assets/Items/Fruits/Melon.png
  artifactKey: Guid(d41307f778e59ae48a86e5032e980949) Importer(815301076,1909f56bfc062723c751e8b465ee728b)
Start importing Assets/Items/Fruits/Melon.png using Guid(d41307f778e59ae48a86e5032e980949) Importer(815301076,1909f56bfc062723c751e8b465ee728b)  -> (artifact id: 'af25d30bfbfc4f9ac9de44601e539aa2') in 0.032880 seconds 
  Import took 0.044523 seconds .

========================================================================
Received Import Request.
  Time since last request: 0.000280 seconds.
  path: Assets/Items/Fruits/Kiwi.png
  artifactKey: Guid(6ee98130462a6824daed8f21072048c2) Importer(815301076,1909f56bfc062723c751e8b465ee728b)
Start importing Assets/Items/Fruits/Kiwi.png using Guid(6ee98130462a6824daed8f21072048c2) Importer(815301076,1909f56bfc062723c751e8b465ee728b)  -> (artifact id: '148a865b106023ad84ff0d671ee39c01') in 0.026621 seconds 
  Import took 0.038721 seconds .

========================================================================
Received Import Request.
  Time since last request: 0.000802 seconds.
  path: Assets/Items/Fruits/Bananas.png
  artifactKey: Guid(3038c33b1bc725d4d90acee177d65683) Importer(815301076,1909f56bfc062723c751e8b465ee728b)
Start importing Assets/Items/Fruits/Bananas.png using Guid(3038c33b1bc725d4d90acee177d65683) Importer(815301076,1909f56bfc062723c751e8b465ee728b)  -> (artifact id: 'd5ce3e18ea1b5c9906ea53b8a2098ad8') in 0.025464 seconds 
  Import took 0.038879 seconds .

========================================================================
Received Import Request.
  Time since last request: 0.000262 seconds.
  path: Assets/Items/Fruits/Collected.png
  artifactKey: Guid(9a56f5ee858bb6a4da0df58a16ae4ea9) Importer(815301076,1909f56bfc062723c751e8b465ee728b)
Start importing Assets/Items/Fruits/Collected.png using Guid(9a56f5ee858bb6a4da0df58a16ae4ea9) Importer(815301076,1909f56bfc062723c751e8b465ee728b)  -> (artifact id: '0f5a05a07b7de02cf4dc55ca397ea3fc') in 0.036564 seconds 
  Import took 0.045129 seconds .

========================================================================
Received Prepare
Registering precompiled user dll's ...
Registered in 0.005813 seconds.
Begin MonoManager ReloadAssembly
Native extension for WindowsStandalone target not found
Refreshing native plugins compatible for Editor in 0.85 ms, found 3 plugins.
Preloading 0 native plugins for Editor in 0.00 ms.
Mono: successfully reloaded assembly
- Completed reload, in  2.807 seconds
Platform modules already initialized, skipping
Refreshing native plugins compatible for Editor in 0.92 ms, found 3 plugins.
Preloading 0 native plugins for Editor in 0.00 ms.
Unloading 2080 Unused Serialized files (Serialized files now loaded: 0)
System memory in use before: 96.1 MB.
System memory in use after: 96.1 MB.

Unloading 21 unused Assets to reduce memory usage. Loaded Objects now: 2563.
Total: 7.107800 ms (FindLiveObjects: 0.369100 ms CreateObjectMapping: 0.145300 ms MarkObjects: 6.328200 ms  DeleteObjects: 0.263700 ms)

AssetImportParameters requested are different than current active one (requested -> active):
  custom:framework-win-MediaFoundation: 216162199b28c13a410421893ffa2e32 -> 
  custom:video-decoder-ogg-theora: a1e56fd34408186e4bbccfd4996cb3dc -> 
  custom:container-muxer-webm: aa71ff27fc2769a1b78a27578f13a17b -> 
  custom:container-demuxer-webm: 4f35f7cbe854078d1ac9338744f61a02 -> 
  custom:container-demuxer-ogg: 62fdf1f143b41e24485cea50d1cbac27 -> 
  custom:video-encoder-webm-vp8: eb34c28f22e8b96e1ab97ce403110664 -> 
  custom:video-decoder-webm-vp8: 9c59270c3fd7afecdb556c50c9e8de78 -> 
  custom:audio-decoder-ogg-vorbis: bf7c407c2cedff20999df2af8eb42d56 -> 
  custom:audio-encoder-webm-vorbis: bf7c407c2cedff20999df2af8eb42d56 -> 
========================================================================
Received Import Request.
  Time since last request: 5671.254559 seconds.
  path: Assets/Fruit.controller
  artifactKey: Guid(862241d9f75c24e4abe513a437200c07) Importer(815301076,1909f56bfc062723c751e8b465ee728b)
Start importing Assets/Fruit.controller using Guid(862241d9f75c24e4abe513a437200c07) Importer(815301076,1909f56bfc062723c751e8b465ee728b)  -> (artifact id: 'dc22a6cddb671462e00e9a6eb675ba49') in 0.043067 seconds 
  Import took 0.056203 seconds .

========================================================================
Received Import Request.
  Time since last request: 6.903430 seconds.
  path: Assets/FruitController.controller
  artifactKey: Guid(862241d9f75c24e4abe513a437200c07) Importer(815301076,1909f56bfc062723c751e8b465ee728b)
Start importing Assets/FruitController.controller using Guid(862241d9f75c24e4abe513a437200c07) Importer(815301076,1909f56bfc062723c751e8b465ee728b)  -> (artifact id: '22fea0163078ffc12dc78f4c0f8cbe06') in 0.009625 seconds 
  Import took 0.017645 seconds .

========================================================================
Received Import Request.
  Time since last request: 19.465663 seconds.
  path: Assets/FruitController.controller
  artifactKey: Guid(862241d9f75c24e4abe513a437200c07) Importer(815301076,1909f56bfc062723c751e8b465ee728b)
Start importing Assets/FruitController.controller using Guid(862241d9f75c24e4abe513a437200c07) Importer(815301076,1909f56bfc062723c751e8b465ee728b)  -> (artifact id: '968cc9afdca8ea6b1a67f240dc57cbfe') in 0.012278 seconds 
  Import took 0.020482 seconds .

========================================================================
Received Import Request.
  Time since last request: 17.407236 seconds.
  path: Assets/FruitIdle.anim
  artifactKey: Guid(fb486fc4d04b06649acb549bd81e4942) Importer(815301076,1909f56bfc062723c751e8b465ee728b)
Start importing Assets/FruitIdle.anim using Guid(fb486fc4d04b06649acb549bd81e4942) Importer(815301076,1909f56bfc062723c751e8b465ee728b)  -> (artifact id: 'ecac64e028848603a818600f476319a4') in 0.010141 seconds 
  Import took 0.015011 seconds .

========================================================================
Received Import Request.
  Time since last request: 0.007247 seconds.
  path: Assets/FruitIdle.anim
  artifactKey: Guid(fb486fc4d04b06649acb549bd81e4942) Importer(815301076,1909f56bfc062723c751e8b465ee728b)
Start importing Assets/FruitIdle.anim using Guid(fb486fc4d04b06649acb549bd81e4942) Importer(815301076,1909f56bfc062723c751e8b465ee728b)  -> (artifact id: 'ecac64e028848603a818600f476319a4') in 0.007397 seconds 
  Import took 0.015461 seconds .

========================================================================
Received Import Request.
  Time since last request: 6.613746 seconds.
  path: Assets/AppleIdle.anim
  artifactKey: Guid(fb486fc4d04b06649acb549bd81e4942) Importer(815301076,1909f56bfc062723c751e8b465ee728b)
Start importing Assets/AppleIdle.anim using Guid(fb486fc4d04b06649acb549bd81e4942) Importer(815301076,1909f56bfc062723c751e8b465ee728b)  -> (artifact id: '0471b86baafe7f8dd677aee7f2d55477') in 0.008600 seconds 
  Import took 0.016377 seconds .

========================================================================
Received Import Request.
  Time since last request: 10.811463 seconds.
  path: Assets/AppleController.controller
  artifactKey: Guid(862241d9f75c24e4abe513a437200c07) Importer(815301076,1909f56bfc062723c751e8b465ee728b)
Start importing Assets/AppleController.controller using Guid(862241d9f75c24e4abe513a437200c07) Importer(815301076,1909f56bfc062723c751e8b465ee728b)  -> (artifact id: '73bff6618a3cc6582cd0c47eed4f3688') in 0.009910 seconds 
  Import took 0.016475 seconds .

========================================================================
Received Import Request.
  Time since last request: 21.286917 seconds.
  path: Assets/Items/Fruits/Apple.png
  artifactKey: Guid(c779a4ed80e455a4ea7aaaeeaf1ecdd7) Importer(815301076,1909f56bfc062723c751e8b465ee728b)
Start importing Assets/Items/Fruits/Apple.png using Guid(c779a4ed80e455a4ea7aaaeeaf1ecdd7) Importer(815301076,1909f56bfc062723c751e8b465ee728b)  -> (artifact id: 'f3fb1604969f1cb32888c2e1ba9c4b26') in 0.077621 seconds 
  Import took 0.087693 seconds .

========================================================================
Received Import Request.
  Time since last request: 5.819663 seconds.
  path: Assets/Items/Fruits/Apple.png
  artifactKey: Guid(c779a4ed80e455a4ea7aaaeeaf1ecdd7) Importer(815301076,1909f56bfc062723c751e8b465ee728b)
Start importing Assets/Items/Fruits/Apple.png using Guid(c779a4ed80e455a4ea7aaaeeaf1ecdd7) Importer(815301076,1909f56bfc062723c751e8b465ee728b)  -> (artifact id: '5e7dd08ed366b5475f8f7cda5c04febc') in 0.140257 seconds 
  Import took 0.148630 seconds .

========================================================================
Received Import Request.
  Time since last request: 34.426959 seconds.
  path: Assets/Items/Fruits/Apple.png
  artifactKey: Guid(c779a4ed80e455a4ea7aaaeeaf1ecdd7) Importer(815301076,1909f56bfc062723c751e8b465ee728b)
Start importing Assets/Items/Fruits/Apple.png using Guid(c779a4ed80e455a4ea7aaaeeaf1ecdd7) Importer(815301076,1909f56bfc062723c751e8b465ee728b)  -> (artifact id: '4fb5eb085a22ca8f5b323e8c1d3ff808') in 0.079834 seconds 
  Import took 0.085898 seconds .

========================================================================
Received Import Request.
  Time since last request: 20.595094 seconds.
  path: Assets/Apple.prefab
  artifactKey: Guid(b4b0cee43525a5f4f9acc0970e7b6e76) Importer(815301076,1909f56bfc062723c751e8b465ee728b)
Start importing Assets/Apple.prefab using Guid(b4b0cee43525a5f4f9acc0970e7b6e76) Importer(815301076,1909f56bfc062723c751e8b465ee728b)  -> (artifact id: '997d04962a617cd9930606a62e48ebec') in 0.100958 seconds 
  Import took 0.109116 seconds .

========================================================================
Received Import Request.
  Time since last request: 14.226138 seconds.
  path: Assets/Apple.prefab
  artifactKey: Guid(b4b0cee43525a5f4f9acc0970e7b6e76) Importer(815301076,1909f56bfc062723c751e8b465ee728b)
Start importing Assets/Apple.prefab using Guid(b4b0cee43525a5f4f9acc0970e7b6e76) Importer(815301076,1909f56bfc062723c751e8b465ee728b)  -> (artifact id: '3e92c23fd6f29f3ee315229b310ef670') in 0.022009 seconds 
  Import took 0.036187 seconds .

========================================================================
Received Import Request.
  Time since last request: 0.005728 seconds.
  path: Assets/Apple.prefab
  artifactKey: Guid(b4b0cee43525a5f4f9acc0970e7b6e76) Importer(815301076,1909f56bfc062723c751e8b465ee728b)
Start importing Assets/Apple.prefab using Guid(b4b0cee43525a5f4f9acc0970e7b6e76) Importer(815301076,1909f56bfc062723c751e8b465ee728b)  -> (artifact id: '3e92c23fd6f29f3ee315229b310ef670') in 0.024231 seconds 
  Import took 0.033261 seconds .

========================================================================
Received Prepare
Registering precompiled user dll's ...
Registered in 0.005055 seconds.
Begin MonoManager ReloadAssembly
Native extension for WindowsStandalone target not found
Refreshing native plugins compatible for Editor in 0.57 ms, found 3 plugins.
Preloading 0 native plugins for Editor in 0.00 ms.
Mono: successfully reloaded assembly
- Completed reload, in  1.416 seconds
Platform modules already initialized, skipping
Refreshing native plugins compatible for Editor in 0.62 ms, found 3 plugins.
Preloading 0 native plugins for Editor in 0.00 ms.
Unloading 2080 Unused Serialized files (Serialized files now loaded: 0)
System memory in use before: 96.2 MB.
System memory in use after: 96.2 MB.

Unloading 21 unused Assets to reduce memory usage. Loaded Objects now: 2582.
Total: 3.780500 ms (FindLiveObjects: 0.266000 ms CreateObjectMapping: 0.091200 ms MarkObjects: 3.278500 ms  DeleteObjects: 0.143400 ms)

AssetImportParameters requested are different than current active one (requested -> active):
  custom:framework-win-MediaFoundation: 216162199b28c13a410421893ffa2e32 -> 
  custom:video-decoder-ogg-theora: a1e56fd34408186e4bbccfd4996cb3dc -> 
  custom:container-muxer-webm: aa71ff27fc2769a1b78a27578f13a17b -> 
  custom:container-demuxer-webm: 4f35f7cbe854078d1ac9338744f61a02 -> 
  custom:container-demuxer-ogg: 62fdf1f143b41e24485cea50d1cbac27 -> 
  custom:video-encoder-webm-vp8: eb34c28f22e8b96e1ab97ce403110664 -> 
  custom:video-decoder-webm-vp8: 9c59270c3fd7afecdb556c50c9e8de78 -> 
  custom:audio-decoder-ogg-vorbis: bf7c407c2cedff20999df2af8eb42d56 -> 
  custom:audio-encoder-webm-vorbis: bf7c407c2cedff20999df2af8eb42d56 -> 
========================================================================
Received Import Request.
  Time since last request: 38.286123 seconds.
  path: Assets/Apple.prefab
  artifactKey: Guid(b4b0cee43525a5f4f9acc0970e7b6e76) Importer(815301076,1909f56bfc062723c751e8b465ee728b)
Start importing Assets/Apple.prefab using Guid(b4b0cee43525a5f4f9acc0970e7b6e76) Importer(815301076,1909f56bfc062723c751e8b465ee728b)  -> (artifact id: 'baa435d89c36ad29aff6d3c6cf786db6') in 0.121246 seconds 
  Import took 0.129100 seconds .

========================================================================
Received Prepare
Registering precompiled user dll's ...
Registered in 0.005526 seconds.
Begin MonoManager ReloadAssembly
Native extension for WindowsStandalone target not found
Refreshing native plugins compatible for Editor in 0.57 ms, found 3 plugins.
Preloading 0 native plugins for Editor in 0.00 ms.
Mono: successfully reloaded assembly
- Completed reload, in  1.417 seconds
Platform modules already initialized, skipping
Refreshing native plugins compatible for Editor in 0.68 ms, found 3 plugins.
Preloading 0 native plugins for Editor in 0.00 ms.
Unloading 2080 Unused Serialized files (Serialized files now loaded: 0)
System memory in use before: 96.2 MB.
System memory in use after: 96.2 MB.

Unloading 21 unused Assets to reduce memory usage. Loaded Objects now: 2587.
Total: 2.844100 ms (FindLiveObjects: 0.277700 ms CreateObjectMapping: 0.140300 ms MarkObjects: 2.259900 ms  DeleteObjects: 0.164900 ms)

AssetImportParameters requested are different than current active one (requested -> active):
  custom:framework-win-MediaFoundation: 216162199b28c13a410421893ffa2e32 -> 
  custom:video-decoder-ogg-theora: a1e56fd34408186e4bbccfd4996cb3dc -> 
  custom:container-muxer-webm: aa71ff27fc2769a1b78a27578f13a17b -> 
  custom:container-demuxer-webm: 4f35f7cbe854078d1ac9338744f61a02 -> 
  custom:container-demuxer-ogg: 62fdf1f143b41e24485cea50d1cbac27 -> 
  custom:video-encoder-webm-vp8: eb34c28f22e8b96e1ab97ce403110664 -> 
  custom:video-decoder-webm-vp8: 9c59270c3fd7afecdb556c50c9e8de78 -> 
  custom:audio-decoder-ogg-vorbis: bf7c407c2cedff20999df2af8eb42d56 -> 
  custom:audio-encoder-webm-vorbis: bf7c407c2cedff20999df2af8eb42d56 -> 
========================================================================
Received Prepare
Registering precompiled user dll's ...
Registered in 0.005349 seconds.
Begin MonoManager ReloadAssembly
Native extension for WindowsStandalone target not found
Refreshing native plugins compatible for Editor in 0.54 ms, found 3 plugins.
Preloading 0 native plugins for Editor in 0.00 ms.
Mono: successfully reloaded assembly
- Completed reload, in  1.438 seconds
Platform modules already initialized, skipping
Refreshing native plugins compatible for Editor in 0.66 ms, found 3 plugins.
Preloading 0 native plugins for Editor in 0.00 ms.
Unloading 2080 Unused Serialized files (Serialized files now loaded: 0)
System memory in use before: 96.2 MB.
System memory in use after: 96.2 MB.

Unloading 21 unused Assets to reduce memory usage. Loaded Objects now: 2591.
Total: 3.685400 ms (FindLiveObjects: 0.237800 ms CreateObjectMapping: 0.088700 ms MarkObjects: 3.227800 ms  DeleteObjects: 0.130000 ms)

AssetImportParameters requested are different than current active one (requested -> active):
  custom:framework-win-MediaFoundation: 216162199b28c13a410421893ffa2e32 -> 
  custom:video-decoder-ogg-theora: a1e56fd34408186e4bbccfd4996cb3dc -> 
  custom:container-muxer-webm: aa71ff27fc2769a1b78a27578f13a17b -> 
  custom:container-demuxer-webm: 4f35f7cbe854078d1ac9338744f61a02 -> 
  custom:container-demuxer-ogg: 62fdf1f143b41e24485cea50d1cbac27 -> 
  custom:video-encoder-webm-vp8: eb34c28f22e8b96e1ab97ce403110664 -> 
  custom:video-decoder-webm-vp8: 9c59270c3fd7afecdb556c50c9e8de78 -> 
  custom:audio-decoder-ogg-vorbis: bf7c407c2cedff20999df2af8eb42d56 -> 
  custom:audio-encoder-webm-vorbis: bf7c407c2cedff20999df2af8eb42d56 -> 
========================================================================
Received Import Request.
  Time since last request: 63.825765 seconds.
  path: Assets/Apple.prefab
  artifactKey: Guid(b4b0cee43525a5f4f9acc0970e7b6e76) Importer(815301076,1909f56bfc062723c751e8b465ee728b)
Start importing Assets/Apple.prefab using Guid(b4b0cee43525a5f4f9acc0970e7b6e76) Importer(815301076,1909f56bfc062723c751e8b465ee728b)  -> (artifact id: '0fdeb00cd384e85ef323d484f832ca34') in 0.110638 seconds 
  Import took 0.119873 seconds .

========================================================================
Received Prepare
Registering precompiled user dll's ...
Registered in 0.005781 seconds.
Begin MonoManager ReloadAssembly
Native extension for WindowsStandalone target not found
Refreshing native plugins compatible for Editor in 0.54 ms, found 3 plugins.
Preloading 0 native plugins for Editor in 0.00 ms.
Mono: successfully reloaded assembly
- Completed reload, in  1.407 seconds
Platform modules already initialized, skipping
Refreshing native plugins compatible for Editor in 0.61 ms, found 3 plugins.
Preloading 0 native plugins for Editor in 0.00 ms.
Unloading 2080 Unused Serialized files (Serialized files now loaded: 0)
System memory in use before: 96.2 MB.
System memory in use after: 96.2 MB.

Unloading 21 unused Assets to reduce memory usage. Loaded Objects now: 2596.
Total: 2.907200 ms (FindLiveObjects: 0.260100 ms CreateObjectMapping: 0.099700 ms MarkObjects: 2.394000 ms  DeleteObjects: 0.152200 ms)

AssetImportParameters requested are different than current active one (requested -> active):
  custom:framework-win-MediaFoundation: 216162199b28c13a410421893ffa2e32 -> 
  custom:video-decoder-ogg-theora: a1e56fd34408186e4bbccfd4996cb3dc -> 
  custom:container-muxer-webm: aa71ff27fc2769a1b78a27578f13a17b -> 
  custom:container-demuxer-webm: 4f35f7cbe854078d1ac9338744f61a02 -> 
  custom:container-demuxer-ogg: 62fdf1f143b41e24485cea50d1cbac27 -> 
  custom:video-encoder-webm-vp8: eb34c28f22e8b96e1ab97ce403110664 -> 
  custom:video-decoder-webm-vp8: 9c59270c3fd7afecdb556c50c9e8de78 -> 
  custom:audio-decoder-ogg-vorbis: bf7c407c2cedff20999df2af8eb42d56 -> 
  custom:audio-encoder-webm-vorbis: bf7c407c2cedff20999df2af8eb42d56 -> 
========================================================================
Received Import Request.
  Time since last request: 24.903495 seconds.
  path: Assets/Apple.prefab
  artifactKey: Guid(b4b0cee43525a5f4f9acc0970e7b6e76) Importer(815301076,1909f56bfc062723c751e8b465ee728b)
Start importing Assets/Apple.prefab using Guid(b4b0cee43525a5f4f9acc0970e7b6e76) Importer(815301076,1909f56bfc062723c751e8b465ee728b)  -> (artifact id: '06349659973fb6d1fc3fb0263490eab8') in 0.063419 seconds 
  Import took 0.068807 seconds .

========================================================================
Received Prepare
Registering precompiled user dll's ...
Registered in 0.007726 seconds.
Begin MonoManager ReloadAssembly
Native extension for WindowsStandalone target not found
Refreshing native plugins compatible for Editor in 0.57 ms, found 3 plugins.
Preloading 0 native plugins for Editor in 0.00 ms.
Mono: successfully reloaded assembly
- Completed reload, in  1.362 seconds
Platform modules already initialized, skipping
Refreshing native plugins compatible for Editor in 0.56 ms, found 3 plugins.
Preloading 0 native plugins for Editor in 0.00 ms.
Unloading 2081 Unused Serialized files (Serialized files now loaded: 0)
System memory in use before: 96.3 MB.
System memory in use after: 96.2 MB.

Unloading 21 unused Assets to reduce memory usage. Loaded Objects now: 2602.
Total: 3.663400 ms (FindLiveObjects: 0.238900 ms CreateObjectMapping: 0.106100 ms MarkObjects: 3.111200 ms  DeleteObjects: 0.205900 ms)

AssetImportParameters requested are different than current active one (requested -> active):
  custom:framework-win-MediaFoundation: 216162199b28c13a410421893ffa2e32 -> 
  custom:video-decoder-ogg-theora: a1e56fd34408186e4bbccfd4996cb3dc -> 
  custom:container-muxer-webm: aa71ff27fc2769a1b78a27578f13a17b -> 
  custom:container-demuxer-webm: 4f35f7cbe854078d1ac9338744f61a02 -> 
  custom:container-demuxer-ogg: 62fdf1f143b41e24485cea50d1cbac27 -> 
  custom:video-encoder-webm-vp8: eb34c28f22e8b96e1ab97ce403110664 -> 
  custom:video-decoder-webm-vp8: 9c59270c3fd7afecdb556c50c9e8de78 -> 
  custom:audio-decoder-ogg-vorbis: bf7c407c2cedff20999df2af8eb42d56 -> 
  custom:audio-encoder-webm-vorbis: bf7c407c2cedff20999df2af8eb42d56 -> 
========================================================================
Received Import Request.
  Time since last request: 28.334849 seconds.
  path: Assets/Apple.prefab
  artifactKey: Guid(b4b0cee43525a5f4f9acc0970e7b6e76) Importer(815301076,1909f56bfc062723c751e8b465ee728b)
Start importing Assets/Apple.prefab using Guid(b4b0cee43525a5f4f9acc0970e7b6e76) Importer(815301076,1909f56bfc062723c751e8b465ee728b)  -> (artifact id: 'b33b999a7ecb10d85ff9a20215e65692') in 0.065397 seconds 
  Import took 0.070719 seconds .

========================================================================
Received Import Request.
  Time since last request: 0.000295 seconds.
  path: Assets/Apple.cs
  artifactKey: Guid(96aab49e1d8018b4dba1d95f97db88bc) Importer(815301076,1909f56bfc062723c751e8b465ee728b)
Start importing Assets/Apple.cs using Guid(96aab49e1d8018b4dba1d95f97db88bc) Importer(815301076,1909f56bfc062723c751e8b465ee728b)  -> (artifact id: '7614ac10146edc3b99d6a0bf00355d99') in 0.014498 seconds 
  Import took 0.020824 seconds .

========================================================================
Received Prepare
Registering precompiled user dll's ...
Registered in 0.006256 seconds.
Begin MonoManager ReloadAssembly
Native extension for WindowsStandalone target not found
Refreshing native plugins compatible for Editor in 0.60 ms, found 3 plugins.
Preloading 0 native plugins for Editor in 0.00 ms.
Mono: successfully reloaded assembly
- Completed reload, in  1.311 seconds
Platform modules already initialized, skipping
Refreshing native plugins compatible for Editor in 0.54 ms, found 3 plugins.
Preloading 0 native plugins for Editor in 0.00 ms.
Unloading 2081 Unused Serialized files (Serialized files now loaded: 0)
System memory in use before: 96.3 MB.
System memory in use after: 96.3 MB.

Unloading 21 unused Assets to reduce memory usage. Loaded Objects now: 2607.
Total: 3.495800 ms (FindLiveObjects: 0.265800 ms CreateObjectMapping: 0.090200 ms MarkObjects: 2.977400 ms  DeleteObjects: 0.161200 ms)

AssetImportParameters requested are different than current active one (requested -> active):
  custom:framework-win-MediaFoundation: 216162199b28c13a410421893ffa2e32 -> 
  custom:video-decoder-ogg-theora: a1e56fd34408186e4bbccfd4996cb3dc -> 
  custom:container-muxer-webm: aa71ff27fc2769a1b78a27578f13a17b -> 
  custom:container-demuxer-webm: 4f35f7cbe854078d1ac9338744f61a02 -> 
  custom:container-demuxer-ogg: 62fdf1f143b41e24485cea50d1cbac27 -> 
  custom:video-encoder-webm-vp8: eb34c28f22e8b96e1ab97ce403110664 -> 
  custom:video-decoder-webm-vp8: 9c59270c3fd7afecdb556c50c9e8de78 -> 
  custom:audio-decoder-ogg-vorbis: bf7c407c2cedff20999df2af8eb42d56 -> 
  custom:audio-encoder-webm-vorbis: bf7c407c2cedff20999df2af8eb42d56 -> 
========================================================================
Received Prepare
Registering precompiled user dll's ...
Registered in 0.005183 seconds.
Begin MonoManager ReloadAssembly
Native extension for WindowsStandalone target not found
Refreshing native plugins compatible for Editor in 0.75 ms, found 3 plugins.
Preloading 0 native plugins for Editor in 0.00 ms.
Mono: successfully reloaded assembly
- Completed reload, in  1.666 seconds
Platform modules already initialized, skipping
Refreshing native plugins compatible for Editor in 0.74 ms, found 3 plugins.
Preloading 0 native plugins for Editor in 0.00 ms.
Unloading 2081 Unused Serialized files (Serialized files now loaded: 0)
System memory in use before: 96.3 MB.
System memory in use after: 96.3 MB.

Unloading 21 unused Assets to reduce memory usage. Loaded Objects now: 2611.
Total: 2.859900 ms (FindLiveObjects: 0.266600 ms CreateObjectMapping: 0.101500 ms MarkObjects: 2.327800 ms  DeleteObjects: 0.162800 ms)

AssetImportParameters requested are different than current active one (requested -> active):
  custom:framework-win-MediaFoundation: 216162199b28c13a410421893ffa2e32 -> 
  custom:video-decoder-ogg-theora: a1e56fd34408186e4bbccfd4996cb3dc -> 
  custom:container-muxer-webm: aa71ff27fc2769a1b78a27578f13a17b -> 
  custom:container-demuxer-webm: 4f35f7cbe854078d1ac9338744f61a02 -> 
  custom:container-demuxer-ogg: 62fdf1f143b41e24485cea50d1cbac27 -> 
  custom:video-encoder-webm-vp8: eb34c28f22e8b96e1ab97ce403110664 -> 
  custom:video-decoder-webm-vp8: 9c59270c3fd7afecdb556c50c9e8de78 -> 
  custom:audio-decoder-ogg-vorbis: bf7c407c2cedff20999df2af8eb42d56 -> 
  custom:audio-encoder-webm-vorbis: bf7c407c2cedff20999df2af8eb42d56 -> 
========================================================================
Received Prepare
Registering precompiled user dll's ...
Registered in 0.005157 seconds.
Begin MonoManager ReloadAssembly
Native extension for WindowsStandalone target not found
Refreshing native plugins compatible for Editor in 0.61 ms, found 3 plugins.
Preloading 0 native plugins for Editor in 0.00 ms.
Mono: successfully reloaded assembly
- Completed reload, in  1.613 seconds
Platform modules already initialized, skipping
Refreshing native plugins compatible for Editor in 0.75 ms, found 3 plugins.
Preloading 0 native plugins for Editor in 0.00 ms.
Unloading 2081 Unused Serialized files (Serialized files now loaded: 0)
System memory in use before: 96.3 MB.
System memory in use after: 96.3 MB.

Unloading 21 unused Assets to reduce memory usage. Loaded Objects now: 2615.
Total: 3.381500 ms (FindLiveObjects: 0.342600 ms CreateObjectMapping: 0.138900 ms MarkObjects: 2.698500 ms  DeleteObjects: 0.200300 ms)

AssetImportParameters requested are different than current active one (requested -> active):
  custom:framework-win-MediaFoundation: 216162199b28c13a410421893ffa2e32 -> 
  custom:video-decoder-ogg-theora: a1e56fd34408186e4bbccfd4996cb3dc -> 
  custom:container-muxer-webm: aa71ff27fc2769a1b78a27578f13a17b -> 
  custom:container-demuxer-webm: 4f35f7cbe854078d1ac9338744f61a02 -> 
  custom:container-demuxer-ogg: 62fdf1f143b41e24485cea50d1cbac27 -> 
  custom:video-encoder-webm-vp8: eb34c28f22e8b96e1ab97ce403110664 -> 
  custom:video-decoder-webm-vp8: 9c59270c3fd7afecdb556c50c9e8de78 -> 
  custom:audio-decoder-ogg-vorbis: bf7c407c2cedff20999df2af8eb42d56 -> 
  custom:audio-encoder-webm-vorbis: bf7c407c2cedff20999df2af8eb42d56 -> 
========================================================================
Received Import Request.
  Time since last request: 65.427551 seconds.
  path: ProjectSettings/TagManager.asset
  artifactKey: Guid(00000000000000003000000000000000) Importer(815301076,1909f56bfc062723c751e8b465ee728b)
Start importing ProjectSettings/TagManager.asset using Guid(00000000000000003000000000000000) Importer(815301076,1909f56bfc062723c751e8b465ee728b)  -> (artifact id: '8d0d5631f5c3693e1ee5dbc550c468e4') in 0.050853 seconds 
  Import took 0.057854 seconds .

========================================================================
Received Import Request.
  Time since last request: 2.900715 seconds.
  path: Assets/Apple.prefab
  artifactKey: Guid(b4b0cee43525a5f4f9acc0970e7b6e76) Importer(815301076,1909f56bfc062723c751e8b465ee728b)
Start importing Assets/Apple.prefab using Guid(b4b0cee43525a5f4f9acc0970e7b6e76) Importer(815301076,1909f56bfc062723c751e8b465ee728b)  -> (artifact id: '817fe15ca497729ad9c3650622f3da7f') in 0.107126 seconds 
  Import took 0.115907 seconds .

========================================================================
Received Prepare
Registering precompiled user dll's ...
Registered in 0.007471 seconds.
Begin MonoManager ReloadAssembly
Native extension for WindowsStandalone target not found
Refreshing native plugins compatible for Editor in 0.57 ms, found 3 plugins.
Preloading 0 native plugins for Editor in 0.00 ms.
Mono: successfully reloaded assembly
- Completed reload, in  1.377 seconds
Platform modules already initialized, skipping
Refreshing native plugins compatible for Editor in 0.54 ms, found 3 plugins.
Preloading 0 native plugins for Editor in 0.00 ms.
Unloading 2081 Unused Serialized files (Serialized files now loaded: 0)
System memory in use before: 96.3 MB.
System memory in use after: 96.3 MB.

Unloading 22 unused Assets to reduce memory usage. Loaded Objects now: 2620.
Total: 3.519700 ms (FindLiveObjects: 0.239300 ms CreateObjectMapping: 0.093400 ms MarkObjects: 3.044400 ms  DeleteObjects: 0.141200 ms)

AssetImportParameters requested are different than current active one (requested -> active):
  custom:framework-win-MediaFoundation: 216162199b28c13a410421893ffa2e32 -> 
  custom:video-decoder-ogg-theora: a1e56fd34408186e4bbccfd4996cb3dc -> 
  custom:container-muxer-webm: aa71ff27fc2769a1b78a27578f13a17b -> 
  custom:container-demuxer-webm: 4f35f7cbe854078d1ac9338744f61a02 -> 
  custom:container-demuxer-ogg: 62fdf1f143b41e24485cea50d1cbac27 -> 
  custom:video-encoder-webm-vp8: eb34c28f22e8b96e1ab97ce403110664 -> 
  custom:video-decoder-webm-vp8: 9c59270c3fd7afecdb556c50c9e8de78 -> 
  custom:audio-decoder-ogg-vorbis: bf7c407c2cedff20999df2af8eb42d56 -> 
  custom:audio-encoder-webm-vorbis: bf7c407c2cedff20999df2af8eb42d56 -> 
========================================================================
Received Prepare
Registering precompiled user dll's ...
Registered in 0.005180 seconds.
Begin MonoManager ReloadAssembly
Native extension for WindowsStandalone target not found
Refreshing native plugins compatible for Editor in 0.52 ms, found 3 plugins.
Preloading 0 native plugins for Editor in 0.00 ms.
Mono: successfully reloaded assembly
- Completed reload, in  1.569 seconds
Platform modules already initialized, skipping
Refreshing native plugins compatible for Editor in 0.79 ms, found 3 plugins.
Preloading 0 native plugins for Editor in 0.00 ms.
Unloading 2081 Unused Serialized files (Serialized files now loaded: 0)
System memory in use before: 96.3 MB.
System memory in use after: 96.3 MB.

Unloading 21 unused Assets to reduce memory usage. Loaded Objects now: 2624.
Total: 5.381500 ms (FindLiveObjects: 0.477800 ms CreateObjectMapping: 0.200400 ms MarkObjects: 4.467600 ms  DeleteObjects: 0.233900 ms)

AssetImportParameters requested are different than current active one (requested -> active):
  custom:framework-win-MediaFoundation: 216162199b28c13a410421893ffa2e32 -> 
  custom:video-decoder-ogg-theora: a1e56fd34408186e4bbccfd4996cb3dc -> 
  custom:container-muxer-webm: aa71ff27fc2769a1b78a27578f13a17b -> 
  custom:container-demuxer-webm: 4f35f7cbe854078d1ac9338744f61a02 -> 
  custom:container-demuxer-ogg: 62fdf1f143b41e24485cea50d1cbac27 -> 
  custom:video-encoder-webm-vp8: eb34c28f22e8b96e1ab97ce403110664 -> 
  custom:video-decoder-webm-vp8: 9c59270c3fd7afecdb556c50c9e8de78 -> 
  custom:audio-decoder-ogg-vorbis: bf7c407c2cedff20999df2af8eb42d56 -> 
  custom:audio-encoder-webm-vorbis: bf7c407c2cedff20999df2af8eb42d56 -> 
