Using pre-set license
Built from '2020.3/staging' branch; Version is '2020.3.13f1 (71691879b7f5) revision 7432472'; Using compiler version '192528614'; Build Type 'Release'
OS: 'Windows 10 Home; OS build 18362.418; Version 1903; 64bit' Language: 'pl' Physical Memory: 8107 MB
BatchMode: 1, IsHumanControllingUs: 0, StartBugReporterOnCrash: 0, Is64bit: 1, IsPro: 0

 COMMAND LINE ARGUMENTS:
C:\Program Files\Unity\Hub\Editor\2020.3.13f1\Editor\Unity.exe
-adb2
-batchMode
-noUpm
-name
AssetImportWorker0
-projectPath
C:/Users/Radek/source/repos/Kurs-Unity/Platformer
-logFile
Logs/AssetImportWorker0.log
-srvPort
52452
Successfully changed project path to: C:/Users/Radek/source/repos/Kurs-Unity/Platformer
C:/Users/Radek/source/repos/Kurs-Unity/Platformer
Using Asset Import Pipeline V2.
Refreshing native plugins compatible for Editor in 62.62 ms, found 3 plugins.
Preloading 0 native plugins for Editor in 0.00 ms.
Initialize engine version: 2020.3.13f1 (71691879b7f5)
[Subsystems] Discovering subsystems at path C:/Program Files/Unity/Hub/Editor/2020.3.13f1/Editor/Data/Resources/UnitySubsystems
[Subsystems] Discovering subsystems at path C:/Users/Radek/source/repos/Kurs-Unity/Platformer/Assets
GfxDevice: creating device client; threaded=0
Direct3D:
    Version:  Direct3D 11.0 [level 11.0]
    Renderer: NVIDIA GeForce GTX 950M (ID=0x139a)
    Vendor:   
    VRAM:     4065 MB
    Driver:   22.21.13.8205
Initialize mono
Mono path[0] = 'C:/Program Files/Unity/Hub/Editor/2020.3.13f1/Editor/Data/Managed'
Mono path[1] = 'C:/Program Files/Unity/Hub/Editor/2020.3.13f1/Editor/Data/MonoBleedingEdge/lib/mono/unityjit'
Mono config path = 'C:/Program Files/Unity/Hub/Editor/2020.3.13f1/Editor/Data/MonoBleedingEdge/etc'
Using monoOptions --debugger-agent=transport=dt_socket,embedding=1,server=y,suspend=n,address=127.0.0.1:56372
Begin MonoManager ReloadAssembly
Registering precompiled unity dll's ...
Register platform support module: C:/Program Files/Unity/Hub/Editor/2020.3.13f1/Editor/Data/PlaybackEngines/WindowsStandaloneSupport/UnityEditor.WindowsStandalone.Extensions.dll
Registered in 0.002111 seconds.
Native extension for WindowsStandalone target not found
Refreshing native plugins compatible for Editor in 60.85 ms, found 3 plugins.
Preloading 0 native plugins for Editor in 0.00 ms.
Mono: successfully reloaded assembly
- Completed reload, in  2.336 seconds
Platform modules already initialized, skipping
Registering precompiled user dll's ...
Registered in 0.005366 seconds.
Begin MonoManager ReloadAssembly
Native extension for WindowsStandalone target not found
Refreshing native plugins compatible for Editor in 53.36 ms, found 3 plugins.
Preloading 0 native plugins for Editor in 0.00 ms.
Mono: successfully reloaded assembly
- Completed reload, in  1.495 seconds
Platform modules already initialized, skipping
========================================================================
Worker process is ready to serve import requests
Launched and connected shader compiler UnityShaderCompiler.exe after 0.06 seconds
Refreshing native plugins compatible for Editor in 0.80 ms, found 3 plugins.
Preloading 0 native plugins for Editor in 0.00 ms.
Unloading 2088 Unused Serialized files (Serialized files now loaded: 0)
System memory in use before: 93.2 MB.
System memory in use after: 93.1 MB.

Unloading 33 unused Assets to reduce memory usage. Loaded Objects now: 2523.
Total: 3.636400 ms (FindLiveObjects: 0.260900 ms CreateObjectMapping: 0.100600 ms MarkObjects: 3.087000 ms  DeleteObjects: 0.186500 ms)

AssetImportParameters requested are different than current active one (requested -> active):
  custom:framework-win-MediaFoundation: 216162199b28c13a410421893ffa2e32 -> 
  custom:video-decoder-ogg-theora: a1e56fd34408186e4bbccfd4996cb3dc -> 
  custom:container-muxer-webm: aa71ff27fc2769a1b78a27578f13a17b -> 
  custom:container-demuxer-webm: 4f35f7cbe854078d1ac9338744f61a02 -> 
  custom:container-demuxer-ogg: 62fdf1f143b41e24485cea50d1cbac27 -> 
  custom:video-encoder-webm-vp8: eb34c28f22e8b96e1ab97ce403110664 -> 
  custom:video-decoder-webm-vp8: 9c59270c3fd7afecdb556c50c9e8de78 -> 
  custom:audio-decoder-ogg-vorbis: bf7c407c2cedff20999df2af8eb42d56 -> 
  custom:audio-encoder-webm-vorbis: bf7c407c2cedff20999df2af8eb42d56 -> 
========================================================================
Received Import Request.
  path: Assets/Player.cs
  artifactKey: Guid(b16b13c012dac7d46ae47f643d997c8d) Importer(815301076,1909f56bfc062723c751e8b465ee728b)
Start importing Assets/Player.cs using Guid(b16b13c012dac7d46ae47f643d997c8d) Importer(815301076,1909f56bfc062723c751e8b465ee728b)  -> (artifact id: '52e83989237f7c7d425e29573542dac3') in 0.034186 seconds 
  Import took 0.039045 seconds .

========================================================================
Received Import Request.
  Time since last request: 0.000260 seconds.
  path: Assets/PlayerController.controller
  artifactKey: Guid(88d5caf6b4b064b4eaf3b0be5ed3b7c6) Importer(815301076,1909f56bfc062723c751e8b465ee728b)
Start importing Assets/PlayerController.controller using Guid(88d5caf6b4b064b4eaf3b0be5ed3b7c6) Importer(815301076,1909f56bfc062723c751e8b465ee728b)  -> (artifact id: 'b0f8154c2d275517f7c6ec716c6940b9') in 0.039276 seconds 
  Import took 0.048472 seconds .

========================================================================
Received Import Request.
  Time since last request: 25.371455 seconds.
  path: Assets/EnemyController.controller
  artifactKey: Guid(fdd29ac77b506c64493078198af5586d) Importer(815301076,1909f56bfc062723c751e8b465ee728b)
Start importing Assets/EnemyController.controller using Guid(fdd29ac77b506c64493078198af5586d) Importer(815301076,1909f56bfc062723c751e8b465ee728b)  -> (artifact id: 'ae30e842acb5f41c1648b00a7159c7ee') in 0.018068 seconds 
  Import took 0.026235 seconds .

========================================================================
Received Import Request.
  Time since last request: 0.622523 seconds.
  path: Assets/EnemyController.controller
  artifactKey: Guid(fdd29ac77b506c64493078198af5586d) Importer(815301076,1909f56bfc062723c751e8b465ee728b)
Start importing Assets/EnemyController.controller using Guid(fdd29ac77b506c64493078198af5586d) Importer(815301076,1909f56bfc062723c751e8b465ee728b)  -> (artifact id: '3e3879f022f73e1b365e6c7d16608481') in 0.020225 seconds 
  Import took 0.031441 seconds .

========================================================================
Received Import Request.
  Time since last request: 158.027668 seconds.
  path: Assets/Traps/Spike Head/Bottom Hit (54x52).png
  artifactKey: Guid(957d6508ae8552f4a8fd3b6a33f7ca7b) Importer(815301076,1909f56bfc062723c751e8b465ee728b)
Start importing Assets/Traps/Spike Head/Bottom Hit (54x52).png using Guid(957d6508ae8552f4a8fd3b6a33f7ca7b) Importer(815301076,1909f56bfc062723c751e8b465ee728b)  -> (artifact id: '349e9831a42ef9d53067af8558f73ce8') in 0.138848 seconds 
  Import took 0.148752 seconds .

========================================================================
Received Import Request.
  Time since last request: 0.000263 seconds.
  path: Assets/Items/Checkpoints/Checkpoint/Checkpoint (No Flag).png
  artifactKey: Guid(a4bb12f9f6385bd4bafd7b11750bf3e1) Importer(815301076,1909f56bfc062723c751e8b465ee728b)
Start importing Assets/Items/Checkpoints/Checkpoint/Checkpoint (No Flag).png using Guid(a4bb12f9f6385bd4bafd7b11750bf3e1) Importer(815301076,1909f56bfc062723c751e8b465ee728b)  -> (artifact id: 'e9680f160bd1e25da059682abc2d77db') in 0.026520 seconds 
  Import took 0.033266 seconds .

========================================================================
Received Import Request.
  Time since last request: 0.000259 seconds.
  path: Assets/Traps/Spiked Ball/Chain.png
  artifactKey: Guid(91ab985df7fab7b4ab651795d7ab0f83) Importer(815301076,1909f56bfc062723c751e8b465ee728b)
Start importing Assets/Traps/Spiked Ball/Chain.png using Guid(91ab985df7fab7b4ab651795d7ab0f83) Importer(815301076,1909f56bfc062723c751e8b465ee728b)  -> (artifact id: '31ba7d7ebda3ac13265495ba44f8e3b2') in 0.047474 seconds 
  Import took 0.055078 seconds .

========================================================================
Received Import Request.
  Time since last request: 0.000293 seconds.
  path: Assets/Items/Boxes/Box3/Break.png
  artifactKey: Guid(a4b72a54cd174d34f8eed54fb2711205) Importer(815301076,1909f56bfc062723c751e8b465ee728b)
Start importing Assets/Items/Boxes/Box3/Break.png using Guid(a4b72a54cd174d34f8eed54fb2711205) Importer(815301076,1909f56bfc062723c751e8b465ee728b)  -> (artifact id: '942a431f9f58bf5aad3923cef9d4a15e') in 0.030404 seconds 
  Import took 0.042102 seconds .

========================================================================
Received Import Request.
  Time since last request: 0.000073 seconds.
  path: Assets/Traps/Platforms/Brown Off.png
  artifactKey: Guid(b22cb7774b7372340946f670b0d18501) Importer(815301076,1909f56bfc062723c751e8b465ee728b)
Start importing Assets/Traps/Platforms/Brown Off.png using Guid(b22cb7774b7372340946f670b0d18501) Importer(815301076,1909f56bfc062723c751e8b465ee728b)  -> (artifact id: '56c35837c60e1b0eb05760524407a53b') in 0.032761 seconds 
  Import took 0.041974 seconds .

========================================================================
Received Import Request.
  Time since last request: 0.000273 seconds.
  path: Assets/Traps/Platforms/Brown On (32x8).png
  artifactKey: Guid(bb49b274fff18ad42b38ee10aac5c185) Importer(815301076,1909f56bfc062723c751e8b465ee728b)
Start importing Assets/Traps/Platforms/Brown On (32x8).png using Guid(bb49b274fff18ad42b38ee10aac5c185) Importer(815301076,1909f56bfc062723c751e8b465ee728b)  -> (artifact id: 'e697365e212072f942720fd93eb3ef42') in 0.038027 seconds 
  Import took 0.045511 seconds .

========================================================================
Received Import Request.
  Time since last request: 0.000325 seconds.
  path: Assets/Items/Checkpoints/Checkpoint/Checkpoint (Flag Idle)(64x64).png
  artifactKey: Guid(02dad000f543b0543b3eebe3bf0b3c86) Importer(815301076,1909f56bfc062723c751e8b465ee728b)
Start importing Assets/Items/Checkpoints/Checkpoint/Checkpoint (Flag Idle)(64x64).png using Guid(02dad000f543b0543b3eebe3bf0b3c86) Importer(815301076,1909f56bfc062723c751e8b465ee728b)  -> (artifact id: 'de9e88d036aa793a64d0c87d1e40c495') in 0.032674 seconds 
  Import took 0.041570 seconds .

========================================================================
Received Import Request.
  Time since last request: 0.000407 seconds.
  path: Assets/Items/Checkpoints/Checkpoint/Checkpoint (Flag Out) (64x64).png
  artifactKey: Guid(0199667e074561c4689cfaeae58e53f4) Importer(815301076,1909f56bfc062723c751e8b465ee728b)
Start importing Assets/Items/Checkpoints/Checkpoint/Checkpoint (Flag Out) (64x64).png using Guid(0199667e074561c4689cfaeae58e53f4) Importer(815301076,1909f56bfc062723c751e8b465ee728b)  -> (artifact id: '3a72a402c63ce5bbecd3a95a5602f3db') in 0.046081 seconds 
  Import took 0.056826 seconds .

========================================================================
Received Import Request.
  Time since last request: 0.000313 seconds.
  path: Assets/Traps/Platforms/Chain.png
  artifactKey: Guid(838e47d8b4d49824796a65205314ea34) Importer(815301076,1909f56bfc062723c751e8b465ee728b)
Start importing Assets/Traps/Platforms/Chain.png using Guid(838e47d8b4d49824796a65205314ea34) Importer(815301076,1909f56bfc062723c751e8b465ee728b)  -> (artifact id: 'e7c04d8173dfbdda19eb10a918f78e79') in 0.026578 seconds 
  Import took 0.033837 seconds .

========================================================================
Received Import Request.
  Time since last request: 0.000073 seconds.
  path: Assets/Traps/Saw/Chain.png
  artifactKey: Guid(516ab493aac460c42a4182086c6d4433) Importer(815301076,1909f56bfc062723c751e8b465ee728b)
Start importing Assets/Traps/Saw/Chain.png using Guid(516ab493aac460c42a4182086c6d4433) Importer(815301076,1909f56bfc062723c751e8b465ee728b)  -> (artifact id: 'e1188699fc84eee8f874c375151be5ff') in 0.028273 seconds 
  Import took 0.035855 seconds .

========================================================================
Received Import Request.
  Time since last request: 0.000262 seconds.
  path: Assets/Items/Boxes/Box1/Break.png
  artifactKey: Guid(308f73ed3f9c3434b97be8321db2c1fc) Importer(815301076,1909f56bfc062723c751e8b465ee728b)
Start importing Assets/Items/Boxes/Box1/Break.png using Guid(308f73ed3f9c3434b97be8321db2c1fc) Importer(815301076,1909f56bfc062723c751e8b465ee728b)  -> (artifact id: 'd349272ccff2b0ee71d00f5219a0066a') in 0.025415 seconds 
  Import took 0.056708 seconds .

========================================================================
Received Import Request.
  Time since last request: 0.000802 seconds.
  path: Assets/Items/Boxes/Box2/Break.png
  artifactKey: Guid(5fbb79d729bb37b489dc859de262678c) Importer(815301076,1909f56bfc062723c751e8b465ee728b)
Start importing Assets/Items/Boxes/Box2/Break.png using Guid(5fbb79d729bb37b489dc859de262678c) Importer(815301076,1909f56bfc062723c751e8b465ee728b)  -> (artifact id: 'c513e67c11522eec21ef14d437d53a7a') in 0.100710 seconds 
  Import took 0.116431 seconds .

========================================================================
Received Import Request.
  Time since last request: 0.000447 seconds.
  path: Assets/Menu/Buttons/Close.png
  artifactKey: Guid(dfa2fe9e54e7634458e21bb5d472371b) Importer(815301076,1909f56bfc062723c751e8b465ee728b)
Start importing Assets/Menu/Buttons/Close.png using Guid(dfa2fe9e54e7634458e21bb5d472371b) Importer(815301076,1909f56bfc062723c751e8b465ee728b)  -> (artifact id: '5771b5a00b6b8f0a7215f0fc1f25a387') in 0.034457 seconds 
  Import took 0.054006 seconds .

========================================================================
Received Import Request.
  Time since last request: 0.000282 seconds.
  path: Assets/Items/Checkpoints/End/End (Pressed) (64x64).png
  artifactKey: Guid(057fcec5065498d488b8dc3b20cca6ea) Importer(815301076,1909f56bfc062723c751e8b465ee728b)
Start importing Assets/Items/Checkpoints/End/End (Pressed) (64x64).png using Guid(057fcec5065498d488b8dc3b20cca6ea) Importer(815301076,1909f56bfc062723c751e8b465ee728b)  -> (artifact id: 'c8a6a62c36dc45779ac399dda386612c') in 0.039307 seconds 
  Import took 0.046580 seconds .

========================================================================
Received Import Request.
  Time since last request: 0.000271 seconds.
  path: Assets/Traps/Platforms/Grey Off.png
  artifactKey: Guid(5dd8c1b8cabd61c4fa2069fafe90c46c) Importer(815301076,1909f56bfc062723c751e8b465ee728b)
Start importing Assets/Traps/Platforms/Grey Off.png using Guid(5dd8c1b8cabd61c4fa2069fafe90c46c) Importer(815301076,1909f56bfc062723c751e8b465ee728b)  -> (artifact id: '120d50d28ad4839e7ea2b7f1c8ac4743') in 0.026854 seconds 
  Import took 0.037443 seconds .

========================================================================
Received Import Request.
  Time since last request: 0.000318 seconds.
  path: Assets/Items/Checkpoints/End/End (Idle).png
  artifactKey: Guid(49b0f342ec07e6a4ab8281318d55cbba) Importer(815301076,1909f56bfc062723c751e8b465ee728b)
Start importing Assets/Items/Checkpoints/End/End (Idle).png using Guid(49b0f342ec07e6a4ab8281318d55cbba) Importer(815301076,1909f56bfc062723c751e8b465ee728b)  -> (artifact id: 'dfc7c630a9783795e9b415a6aa26c16d') in 0.032906 seconds 
  Import took 0.042065 seconds .

========================================================================
Received Import Request.
  Time since last request: 0.000264 seconds.
  path: Assets/Traps/Arrow/Hit (18x18).png
  artifactKey: Guid(776d0d48e2f816c4e8a559f188bf9379) Importer(815301076,1909f56bfc062723c751e8b465ee728b)
Start importing Assets/Traps/Arrow/Hit (18x18).png using Guid(776d0d48e2f816c4e8a559f188bf9379) Importer(815301076,1909f56bfc062723c751e8b465ee728b)  -> (artifact id: '3bd8d1caab15e8d45bcdd3a5c1b91e9a') in 0.033409 seconds 
  Import took 0.042761 seconds .

========================================================================
Received Import Request.
  Time since last request: 0.000313 seconds.
  path: Assets/Traps/Platforms/Grey On (32x8).png
  artifactKey: Guid(bd969b5503f999f43b926ae866230128) Importer(815301076,1909f56bfc062723c751e8b465ee728b)
Start importing Assets/Traps/Platforms/Grey On (32x8).png using Guid(bd969b5503f999f43b926ae866230128) Importer(815301076,1909f56bfc062723c751e8b465ee728b)  -> (artifact id: '06f6bd6897aa04347a8c5eb2b2b4df80') in 0.035090 seconds 
  Import took 0.043585 seconds .

========================================================================
Received Import Request.
  Time since last request: 0.000264 seconds.
  path: Assets/Traps/Fire/Hit (16x32).png
  artifactKey: Guid(02926413e6239dd4ba1b6afc2518c108) Importer(815301076,1909f56bfc062723c751e8b465ee728b)
Start importing Assets/Traps/Fire/Hit (16x32).png using Guid(02926413e6239dd4ba1b6afc2518c108) Importer(815301076,1909f56bfc062723c751e8b465ee728b)  -> (artifact id: 'b9bf9104a86516c95d8e356faa410e59') in 0.033746 seconds 
  Import took 0.045852 seconds .

========================================================================
Received Import Request.
  Time since last request: 0.868255 seconds.
  path: Assets/Items/Boxes/Box3/Hit (28x24).png
  artifactKey: Guid(fb4bbb4e115d71f4ea94bde53b08e96a) Importer(815301076,1909f56bfc062723c751e8b465ee728b)
Start importing Assets/Items/Boxes/Box3/Hit (28x24).png using Guid(fb4bbb4e115d71f4ea94bde53b08e96a) Importer(815301076,1909f56bfc062723c751e8b465ee728b)  -> (artifact id: '7dd498d09f3600bec233d3256566ecea') in 0.033145 seconds 
  Import took 0.044256 seconds .

========================================================================
Received Import Request.
  Time since last request: 0.000215 seconds.
  path: Assets/Items/Boxes/Box2/Hit (28x24).png
  artifactKey: Guid(1163a2a9305cbe34aa3100976ed72453) Importer(815301076,1909f56bfc062723c751e8b465ee728b)
Start importing Assets/Items/Boxes/Box2/Hit (28x24).png using Guid(1163a2a9305cbe34aa3100976ed72453) Importer(815301076,1909f56bfc062723c751e8b465ee728b)  -> (artifact id: '10e224f0b9a7a18c22f9e4c26b9be4a4') in 0.021699 seconds 
  Import took 0.029896 seconds .

========================================================================
Received Import Request.
  Time since last request: 0.000267 seconds.
  path: Assets/Traps/Blocks/HitTop (22x22).png
  artifactKey: Guid(1a11bef7de67f0948aed84474dc6019e) Importer(815301076,1909f56bfc062723c751e8b465ee728b)
Start importing Assets/Traps/Blocks/HitTop (22x22).png using Guid(1a11bef7de67f0948aed84474dc6019e) Importer(815301076,1909f56bfc062723c751e8b465ee728b)  -> (artifact id: 'e20340c0e1a6f30a4ebb95d2c60328a8') in 0.035679 seconds 
  Import took 0.046050 seconds .

========================================================================
Received Import Request.
  Time since last request: 0.000288 seconds.
  path: Assets/Traps/Sand Mud Ice/Ice Particle.png
  artifactKey: Guid(1b2624a05fee8a34d8df28ebb9d92dc3) Importer(815301076,1909f56bfc062723c751e8b465ee728b)
Start importing Assets/Traps/Sand Mud Ice/Ice Particle.png using Guid(1b2624a05fee8a34d8df28ebb9d92dc3) Importer(815301076,1909f56bfc062723c751e8b465ee728b)  -> (artifact id: 'db0d14319b4e96b7a17862c01811a885') in 0.030711 seconds 
  Import took 0.038412 seconds .

========================================================================
Received Import Request.
  Time since last request: 0.000287 seconds.
  path: Assets/Items/Boxes/Box2/Hit (28x24).png
  artifactKey: Guid(1163a2a9305cbe34aa3100976ed72453) Importer(815301076,1909f56bfc062723c751e8b465ee728b)
Start importing Assets/Items/Boxes/Box2/Hit (28x24).png using Guid(1163a2a9305cbe34aa3100976ed72453) Importer(815301076,1909f56bfc062723c751e8b465ee728b)  -> (artifact id: '10e224f0b9a7a18c22f9e4c26b9be4a4') in 0.028699 seconds 
  Import took 0.040461 seconds .

========================================================================
Received Import Request.
  Time since last request: 0.000259 seconds.
  path: Assets/Traps/Blocks/HitSide (22x22).png
  artifactKey: Guid(c2c1a8866f6db9b418deb52408851ae6) Importer(815301076,1909f56bfc062723c751e8b465ee728b)
Start importing Assets/Traps/Blocks/HitSide (22x22).png using Guid(c2c1a8866f6db9b418deb52408851ae6) Importer(815301076,1909f56bfc062723c751e8b465ee728b)  -> (artifact id: '17074c597c27161e1bbc87b3923dcce8') in 0.036610 seconds 
  Import took 0.044315 seconds .

========================================================================
Received Import Request.
  Time since last request: 0.000717 seconds.
  path: Assets/Items/Boxes/Box3/Hit (28x24).png
  artifactKey: Guid(fb4bbb4e115d71f4ea94bde53b08e96a) Importer(815301076,1909f56bfc062723c751e8b465ee728b)
Start importing Assets/Items/Boxes/Box3/Hit (28x24).png using Guid(fb4bbb4e115d71f4ea94bde53b08e96a) Importer(815301076,1909f56bfc062723c751e8b465ee728b)  -> (artifact id: '7dd498d09f3600bec233d3256566ecea') in 0.023934 seconds 
  Import took 0.039941 seconds .

========================================================================
Received Import Request.
  Time since last request: 0.000685 seconds.
  path: Assets/Items/Boxes/Box1/Hit (28x24).png
  artifactKey: Guid(118fe1d313a7b06488479719091009a6) Importer(815301076,1909f56bfc062723c751e8b465ee728b)
Start importing Assets/Items/Boxes/Box1/Hit (28x24).png using Guid(118fe1d313a7b06488479719091009a6) Importer(815301076,1909f56bfc062723c751e8b465ee728b)  -> (artifact id: 'e289b5fa0de90ca89adecb2855a1588f') in 0.028884 seconds 
  Import took 0.037643 seconds .

========================================================================
Received Import Request.
  Time since last request: 0.271794 seconds.
  path: Assets/Traps/Rock Head/Idle.png
  artifactKey: Guid(01a8e19c2de09604cb52edbe4f1bf430) Importer(815301076,1909f56bfc062723c751e8b465ee728b)
Start importing Assets/Traps/Rock Head/Idle.png using Guid(01a8e19c2de09604cb52edbe4f1bf430) Importer(815301076,1909f56bfc062723c751e8b465ee728b)  -> (artifact id: 'c469324923b6290a43810c0cee49517d') in 0.018925 seconds 
  Import took 0.024038 seconds .

========================================================================
Received Import Request.
  Time since last request: 0.000314 seconds.
  path: Assets/Traps/Spike Head/Idle.png
  artifactKey: Guid(09cf92dfdec02184aa3d6a28f7464131) Importer(815301076,1909f56bfc062723c751e8b465ee728b)
Start importing Assets/Traps/Spike Head/Idle.png using Guid(09cf92dfdec02184aa3d6a28f7464131) Importer(815301076,1909f56bfc062723c751e8b465ee728b)  -> (artifact id: '2c4907683c7c3fee6d1a1b894472be34') in 0.024892 seconds 
  Import took 0.031424 seconds .

========================================================================
Received Import Request.
  Time since last request: 0.000277 seconds.
  path: Assets/Traps/Blocks/Idle.png
  artifactKey: Guid(99e2d53d5af212243aae88e967264e98) Importer(815301076,1909f56bfc062723c751e8b465ee728b)
Start importing Assets/Traps/Blocks/Idle.png using Guid(99e2d53d5af212243aae88e967264e98) Importer(815301076,1909f56bfc062723c751e8b465ee728b)  -> (artifact id: '993e8f85a657b2aac0f476136b31e582') in 0.040708 seconds 
  Import took 0.047578 seconds .

========================================================================
Received Import Request.
  Time since last request: 0.000271 seconds.
  path: Assets/Items/Boxes/Box2/Idle.png
  artifactKey: Guid(781881be66067244ba2ae404387a3ba8) Importer(815301076,1909f56bfc062723c751e8b465ee728b)
Start importing Assets/Items/Boxes/Box2/Idle.png using Guid(781881be66067244ba2ae404387a3ba8) Importer(815301076,1909f56bfc062723c751e8b465ee728b)  -> (artifact id: 'a49b040b9e274fe9c42cea43a47f691d') in 0.028809 seconds 
  Import took 0.035992 seconds .

========================================================================
Received Import Request.
  Time since last request: 0.000307 seconds.
  path: Assets/Items/Boxes/Box1/Idle.png
  artifactKey: Guid(37aa8c0bd982e11448c4c9cfc26431a5) Importer(815301076,1909f56bfc062723c751e8b465ee728b)
Start importing Assets/Items/Boxes/Box1/Idle.png using Guid(37aa8c0bd982e11448c4c9cfc26431a5) Importer(815301076,1909f56bfc062723c751e8b465ee728b)  -> (artifact id: 'b3739362abffd3202c214bfb584e17a1') in 0.035375 seconds 
  Import took 0.044951 seconds .

========================================================================
Received Import Request.
  Time since last request: 0.067585 seconds.
  path: Assets/Items/Boxes/Box3/Idle.png
  artifactKey: Guid(addb12a004dcf6244bf614d316e35d5d) Importer(815301076,1909f56bfc062723c751e8b465ee728b)
Start importing Assets/Items/Boxes/Box3/Idle.png using Guid(addb12a004dcf6244bf614d316e35d5d) Importer(815301076,1909f56bfc062723c751e8b465ee728b)  -> (artifact id: 'ffa375d7f93403bd0d8ff55cf001ca75') in 0.019999 seconds 
  Import took 0.028220 seconds .

========================================================================
Received Import Request.
  Time since last request: 0.000261 seconds.
  path: Assets/Traps/Arrow/Idle (18x18).png
  artifactKey: Guid(e98227784f66bd649a8acdb5e690d1e8) Importer(815301076,1909f56bfc062723c751e8b465ee728b)
Start importing Assets/Traps/Arrow/Idle (18x18).png using Guid(e98227784f66bd649a8acdb5e690d1e8) Importer(815301076,1909f56bfc062723c751e8b465ee728b)  -> (artifact id: 'c695432a7f5ce5b2b53ca5973904586b') in 0.027095 seconds 
  Import took 0.036941 seconds .

========================================================================
Received Import Request.
  Time since last request: 0.000171 seconds.
  path: Assets/Traps/Trampoline/Idle.png
  artifactKey: Guid(bd1d7c13f7114564eb0b64bfb4507b00) Importer(815301076,1909f56bfc062723c751e8b465ee728b)
Start importing Assets/Traps/Trampoline/Idle.png using Guid(bd1d7c13f7114564eb0b64bfb4507b00) Importer(815301076,1909f56bfc062723c751e8b465ee728b)  -> (artifact id: 'cd2399789d7ac0620d4c812ffb8f8fac') in 0.040456 seconds 
  Import took 0.049001 seconds .

========================================================================
Received Import Request.
  Time since last request: 0.000268 seconds.
  path: Assets/Traps/Spikes/Idle.png
  artifactKey: Guid(6c67a96cf8c2bed45bb9b4cf71cc42ad) Importer(815301076,1909f56bfc062723c751e8b465ee728b)
Start importing Assets/Traps/Spikes/Idle.png using Guid(6c67a96cf8c2bed45bb9b4cf71cc42ad) Importer(815301076,1909f56bfc062723c751e8b465ee728b)  -> (artifact id: 'ded04fa73ca322ff395c0995a9be4732') in 0.020754 seconds 
  Import took 0.030827 seconds .

========================================================================
Received Import Request.
  Time since last request: 23.052556 seconds.
  path: Assets/Waypoint.prefab
  artifactKey: Guid(bee211b998fb54947b729e2cf075c9d7) Importer(815301076,1909f56bfc062723c751e8b465ee728b)
Start importing Assets/Waypoint.prefab using Guid(bee211b998fb54947b729e2cf075c9d7) Importer(815301076,1909f56bfc062723c751e8b465ee728b)  -> (artifact id: '20400f3f502132efe30183e232d25196') in 0.079419 seconds 
  Import took 0.087809 seconds .

========================================================================
Received Import Request.
  Time since last request: 0.012898 seconds.
  path: Assets/Waypoint.prefab
  artifactKey: Guid(bee211b998fb54947b729e2cf075c9d7) Importer(815301076,1909f56bfc062723c751e8b465ee728b)
Start importing Assets/Waypoint.prefab using Guid(bee211b998fb54947b729e2cf075c9d7) Importer(815301076,1909f56bfc062723c751e8b465ee728b)  -> (artifact id: '20400f3f502132efe30183e232d25196') in 0.021531 seconds 
  Import took 0.029898 seconds .

========================================================================
Received Import Request.
  Time since last request: 4.529421 seconds.
  path: Assets/Waypoint.prefab
  artifactKey: Guid(bee211b998fb54947b729e2cf075c9d7) Importer(815301076,1909f56bfc062723c751e8b465ee728b)
Start importing Assets/Waypoint.prefab using Guid(bee211b998fb54947b729e2cf075c9d7) Importer(815301076,1909f56bfc062723c751e8b465ee728b)  -> (artifact id: 'a655be92159db155b16c8a6ab5b4e271') in 0.026264 seconds 
  Import took 0.034640 seconds .

========================================================================
Received Import Request.
  Time since last request: 4.027076 seconds.
  path: Assets/Waypoint.prefab
  artifactKey: Guid(bee211b998fb54947b729e2cf075c9d7) Importer(815301076,1909f56bfc062723c751e8b465ee728b)
Start importing Assets/Waypoint.prefab using Guid(bee211b998fb54947b729e2cf075c9d7) Importer(815301076,1909f56bfc062723c751e8b465ee728b)  -> (artifact id: '529bb61d1430247d4edbcec7d577f903') in 0.025168 seconds 
  Import took 0.033811 seconds .

========================================================================
Received Import Request.
  Time since last request: 12.103495 seconds.
  path: Assets/Waypoint.prefab
  artifactKey: Guid(bee211b998fb54947b729e2cf075c9d7) Importer(815301076,1909f56bfc062723c751e8b465ee728b)
Start importing Assets/Waypoint.prefab using Guid(bee211b998fb54947b729e2cf075c9d7) Importer(815301076,1909f56bfc062723c751e8b465ee728b)  -> (artifact id: 'add3241a2ab3bbc557afde19f2cfc0db') in 0.023391 seconds 
  Import took 0.032382 seconds .

========================================================================
Received Import Request.
  Time since last request: 35.257209 seconds.
  path: ProjectSettings/TagManager.asset
  artifactKey: Guid(00000000000000003000000000000000) Importer(815301076,1909f56bfc062723c751e8b465ee728b)
Start importing ProjectSettings/TagManager.asset using Guid(00000000000000003000000000000000) Importer(815301076,1909f56bfc062723c751e8b465ee728b)  -> (artifact id: '866c28f8a9c525ad0cf73f4b0b89c2ef') in 0.023944 seconds 
  Import took 0.036176 seconds .

========================================================================
Received Import Request.
  Time since last request: 3.487405 seconds.
  path: ProjectSettings/TagManager.asset
  artifactKey: Guid(00000000000000003000000000000000) Importer(815301076,1909f56bfc062723c751e8b465ee728b)
Start importing ProjectSettings/TagManager.asset using Guid(00000000000000003000000000000000) Importer(815301076,1909f56bfc062723c751e8b465ee728b)  -> (artifact id: '103942b7fb0c5741c70e7f84d0b75944') in 0.020264 seconds 
  Import took 0.036777 seconds .

========================================================================
Received Import Request.
  Time since last request: 7.183507 seconds.
  path: Assets/Waypoint.prefab
  artifactKey: Guid(bee211b998fb54947b729e2cf075c9d7) Importer(815301076,1909f56bfc062723c751e8b465ee728b)
Start importing Assets/Waypoint.prefab using Guid(bee211b998fb54947b729e2cf075c9d7) Importer(815301076,1909f56bfc062723c751e8b465ee728b)  -> (artifact id: '886a6165e56b2b34d282573de1c5cec7') in 0.021900 seconds 
  Import took 0.031713 seconds .

========================================================================
Received Prepare
Registering precompiled user dll's ...
Registered in 0.005099 seconds.
Begin MonoManager ReloadAssembly
Native extension for WindowsStandalone target not found
Refreshing native plugins compatible for Editor in 0.96 ms, found 3 plugins.
Preloading 0 native plugins for Editor in 0.00 ms.
Mono: successfully reloaded assembly
- Completed reload, in  2.120 seconds
Platform modules already initialized, skipping
Refreshing native plugins compatible for Editor in 0.80 ms, found 3 plugins.
Preloading 0 native plugins for Editor in 0.00 ms.
Unloading 2083 Unused Serialized files (Serialized files now loaded: 0)
System memory in use before: 96.2 MB.
System memory in use after: 96.2 MB.

Unloading 23 unused Assets to reduce memory usage. Loaded Objects now: 2577.
Total: 2.847000 ms (FindLiveObjects: 0.235300 ms CreateObjectMapping: 0.114800 ms MarkObjects: 2.306200 ms  DeleteObjects: 0.189400 ms)

AssetImportParameters requested are different than current active one (requested -> active):
  custom:framework-win-MediaFoundation: 216162199b28c13a410421893ffa2e32 -> 
  custom:video-decoder-ogg-theora: a1e56fd34408186e4bbccfd4996cb3dc -> 
  custom:container-muxer-webm: aa71ff27fc2769a1b78a27578f13a17b -> 
  custom:container-demuxer-webm: 4f35f7cbe854078d1ac9338744f61a02 -> 
  custom:container-demuxer-ogg: 62fdf1f143b41e24485cea50d1cbac27 -> 
  custom:video-encoder-webm-vp8: eb34c28f22e8b96e1ab97ce403110664 -> 
  custom:video-decoder-webm-vp8: 9c59270c3fd7afecdb556c50c9e8de78 -> 
  custom:audio-decoder-ogg-vorbis: bf7c407c2cedff20999df2af8eb42d56 -> 
  custom:audio-encoder-webm-vorbis: bf7c407c2cedff20999df2af8eb42d56 -> 
========================================================================
Received Prepare
Registering precompiled user dll's ...
Registered in 0.005375 seconds.
Begin MonoManager ReloadAssembly
Native extension for WindowsStandalone target not found
Refreshing native plugins compatible for Editor in 0.60 ms, found 3 plugins.
Preloading 0 native plugins for Editor in 0.00 ms.
Mono: successfully reloaded assembly
- Completed reload, in  1.622 seconds
Platform modules already initialized, skipping
Refreshing native plugins compatible for Editor in 0.57 ms, found 3 plugins.
Preloading 0 native plugins for Editor in 0.00 ms.
Unloading 2083 Unused Serialized files (Serialized files now loaded: 0)
System memory in use before: 96.3 MB.
System memory in use after: 96.2 MB.

Unloading 21 unused Assets to reduce memory usage. Loaded Objects now: 2581.
Total: 3.599900 ms (FindLiveObjects: 0.528500 ms CreateObjectMapping: 0.113000 ms MarkObjects: 2.810100 ms  DeleteObjects: 0.145200 ms)

AssetImportParameters requested are different than current active one (requested -> active):
  custom:framework-win-MediaFoundation: 216162199b28c13a410421893ffa2e32 -> 
  custom:video-decoder-ogg-theora: a1e56fd34408186e4bbccfd4996cb3dc -> 
  custom:container-muxer-webm: aa71ff27fc2769a1b78a27578f13a17b -> 
  custom:container-demuxer-webm: 4f35f7cbe854078d1ac9338744f61a02 -> 
  custom:container-demuxer-ogg: 62fdf1f143b41e24485cea50d1cbac27 -> 
  custom:video-encoder-webm-vp8: eb34c28f22e8b96e1ab97ce403110664 -> 
  custom:video-decoder-webm-vp8: 9c59270c3fd7afecdb556c50c9e8de78 -> 
  custom:audio-decoder-ogg-vorbis: bf7c407c2cedff20999df2af8eb42d56 -> 
  custom:audio-encoder-webm-vorbis: bf7c407c2cedff20999df2af8eb42d56 -> 
========================================================================
Received Prepare
Registering precompiled user dll's ...
Registered in 0.006612 seconds.
Begin MonoManager ReloadAssembly
Native extension for WindowsStandalone target not found
Refreshing native plugins compatible for Editor in 0.54 ms, found 3 plugins.
Preloading 0 native plugins for Editor in 0.00 ms.
Mono: successfully reloaded assembly
- Completed reload, in  1.641 seconds
Platform modules already initialized, skipping
Refreshing native plugins compatible for Editor in 0.57 ms, found 3 plugins.
Preloading 0 native plugins for Editor in 0.00 ms.
Unloading 2083 Unused Serialized files (Serialized files now loaded: 0)
System memory in use before: 96.3 MB.
System memory in use after: 96.3 MB.

Unloading 21 unused Assets to reduce memory usage. Loaded Objects now: 2585.
Total: 3.904600 ms (FindLiveObjects: 0.271600 ms CreateObjectMapping: 0.122800 ms MarkObjects: 3.338100 ms  DeleteObjects: 0.170500 ms)

AssetImportParameters requested are different than current active one (requested -> active):
  custom:framework-win-MediaFoundation: 216162199b28c13a410421893ffa2e32 -> 
  custom:video-decoder-ogg-theora: a1e56fd34408186e4bbccfd4996cb3dc -> 
  custom:container-muxer-webm: aa71ff27fc2769a1b78a27578f13a17b -> 
  custom:container-demuxer-webm: 4f35f7cbe854078d1ac9338744f61a02 -> 
  custom:container-demuxer-ogg: 62fdf1f143b41e24485cea50d1cbac27 -> 
  custom:video-encoder-webm-vp8: eb34c28f22e8b96e1ab97ce403110664 -> 
  custom:video-decoder-webm-vp8: 9c59270c3fd7afecdb556c50c9e8de78 -> 
  custom:audio-decoder-ogg-vorbis: bf7c407c2cedff20999df2af8eb42d56 -> 
  custom:audio-encoder-webm-vorbis: bf7c407c2cedff20999df2af8eb42d56 -> 
========================================================================
Received Prepare
Registering precompiled user dll's ...
Registered in 0.005506 seconds.
Begin MonoManager ReloadAssembly
Native extension for WindowsStandalone target not found
Refreshing native plugins compatible for Editor in 0.88 ms, found 3 plugins.
Preloading 0 native plugins for Editor in 0.00 ms.
Mono: successfully reloaded assembly
- Completed reload, in  1.564 seconds
Platform modules already initialized, skipping
Refreshing native plugins compatible for Editor in 0.58 ms, found 3 plugins.
Preloading 0 native plugins for Editor in 0.00 ms.
Unloading 2083 Unused Serialized files (Serialized files now loaded: 0)
System memory in use before: 96.3 MB.
System memory in use after: 96.3 MB.

Unloading 21 unused Assets to reduce memory usage. Loaded Objects now: 2589.
Total: 4.012300 ms (FindLiveObjects: 0.301300 ms CreateObjectMapping: 0.114000 ms MarkObjects: 3.438700 ms  DeleteObjects: 0.156900 ms)

AssetImportParameters requested are different than current active one (requested -> active):
  custom:framework-win-MediaFoundation: 216162199b28c13a410421893ffa2e32 -> 
  custom:video-decoder-ogg-theora: a1e56fd34408186e4bbccfd4996cb3dc -> 
  custom:container-muxer-webm: aa71ff27fc2769a1b78a27578f13a17b -> 
  custom:container-demuxer-webm: 4f35f7cbe854078d1ac9338744f61a02 -> 
  custom:container-demuxer-ogg: 62fdf1f143b41e24485cea50d1cbac27 -> 
  custom:video-encoder-webm-vp8: eb34c28f22e8b96e1ab97ce403110664 -> 
  custom:video-decoder-webm-vp8: 9c59270c3fd7afecdb556c50c9e8de78 -> 
  custom:audio-decoder-ogg-vorbis: bf7c407c2cedff20999df2af8eb42d56 -> 
  custom:audio-encoder-webm-vorbis: bf7c407c2cedff20999df2af8eb42d56 -> 
========================================================================
Received Prepare
Registering precompiled user dll's ...
Registered in 0.005357 seconds.
Begin MonoManager ReloadAssembly
Native extension for WindowsStandalone target not found
Refreshing native plugins compatible for Editor in 0.91 ms, found 3 plugins.
Preloading 0 native plugins for Editor in 0.00 ms.
Mono: successfully reloaded assembly
- Completed reload, in  1.427 seconds
Platform modules already initialized, skipping
Refreshing native plugins compatible for Editor in 0.58 ms, found 3 plugins.
Preloading 0 native plugins for Editor in 0.00 ms.
Unloading 2083 Unused Serialized files (Serialized files now loaded: 0)
System memory in use before: 96.3 MB.
System memory in use after: 96.3 MB.

Unloading 21 unused Assets to reduce memory usage. Loaded Objects now: 2593.
Total: 3.455400 ms (FindLiveObjects: 0.309600 ms CreateObjectMapping: 0.129500 ms MarkObjects: 2.870300 ms  DeleteObjects: 0.144400 ms)

AssetImportParameters requested are different than current active one (requested -> active):
  custom:framework-win-MediaFoundation: 216162199b28c13a410421893ffa2e32 -> 
  custom:video-decoder-ogg-theora: a1e56fd34408186e4bbccfd4996cb3dc -> 
  custom:container-muxer-webm: aa71ff27fc2769a1b78a27578f13a17b -> 
  custom:container-demuxer-webm: 4f35f7cbe854078d1ac9338744f61a02 -> 
  custom:container-demuxer-ogg: 62fdf1f143b41e24485cea50d1cbac27 -> 
  custom:video-encoder-webm-vp8: eb34c28f22e8b96e1ab97ce403110664 -> 
  custom:video-decoder-webm-vp8: 9c59270c3fd7afecdb556c50c9e8de78 -> 
  custom:audio-decoder-ogg-vorbis: bf7c407c2cedff20999df2af8eb42d56 -> 
  custom:audio-encoder-webm-vorbis: bf7c407c2cedff20999df2af8eb42d56 -> 
========================================================================
Received Prepare
Registering precompiled user dll's ...
Registered in 0.006483 seconds.
Begin MonoManager ReloadAssembly
Native extension for WindowsStandalone target not found
Refreshing native plugins compatible for Editor in 0.53 ms, found 3 plugins.
Preloading 0 native plugins for Editor in 0.00 ms.
Mono: successfully reloaded assembly
- Completed reload, in  1.346 seconds
Platform modules already initialized, skipping
Refreshing native plugins compatible for Editor in 0.55 ms, found 3 plugins.
Preloading 0 native plugins for Editor in 0.00 ms.
Unloading 2083 Unused Serialized files (Serialized files now loaded: 0)
System memory in use before: 96.4 MB.
System memory in use after: 96.3 MB.

Unloading 21 unused Assets to reduce memory usage. Loaded Objects now: 2597.
Total: 3.354500 ms (FindLiveObjects: 0.469900 ms CreateObjectMapping: 0.102300 ms MarkObjects: 2.643400 ms  DeleteObjects: 0.134600 ms)

AssetImportParameters requested are different than current active one (requested -> active):
  custom:framework-win-MediaFoundation: 216162199b28c13a410421893ffa2e32 -> 
  custom:video-decoder-ogg-theora: a1e56fd34408186e4bbccfd4996cb3dc -> 
  custom:container-muxer-webm: aa71ff27fc2769a1b78a27578f13a17b -> 
  custom:container-demuxer-webm: 4f35f7cbe854078d1ac9338744f61a02 -> 
  custom:container-demuxer-ogg: 62fdf1f143b41e24485cea50d1cbac27 -> 
  custom:video-encoder-webm-vp8: eb34c28f22e8b96e1ab97ce403110664 -> 
  custom:video-decoder-webm-vp8: 9c59270c3fd7afecdb556c50c9e8de78 -> 
  custom:audio-decoder-ogg-vorbis: bf7c407c2cedff20999df2af8eb42d56 -> 
  custom:audio-encoder-webm-vorbis: bf7c407c2cedff20999df2af8eb42d56 -> 
========================================================================
Received Prepare
Registering precompiled user dll's ...
Registered in 0.005314 seconds.
Begin MonoManager ReloadAssembly
Native extension for WindowsStandalone target not found
Refreshing native plugins compatible for Editor in 0.56 ms, found 3 plugins.
Preloading 0 native plugins for Editor in 0.00 ms.
Mono: successfully reloaded assembly
- Completed reload, in  1.471 seconds
Platform modules already initialized, skipping
Refreshing native plugins compatible for Editor in 1.01 ms, found 3 plugins.
Preloading 0 native plugins for Editor in 0.00 ms.
Unloading 2083 Unused Serialized files (Serialized files now loaded: 0)
System memory in use before: 96.4 MB.
System memory in use after: 96.3 MB.

Unloading 21 unused Assets to reduce memory usage. Loaded Objects now: 2601.
Total: 2.943500 ms (FindLiveObjects: 0.257200 ms CreateObjectMapping: 0.138800 ms MarkObjects: 2.385700 ms  DeleteObjects: 0.160500 ms)

AssetImportParameters requested are different than current active one (requested -> active):
  custom:framework-win-MediaFoundation: 216162199b28c13a410421893ffa2e32 -> 
  custom:video-decoder-ogg-theora: a1e56fd34408186e4bbccfd4996cb3dc -> 
  custom:container-muxer-webm: aa71ff27fc2769a1b78a27578f13a17b -> 
  custom:container-demuxer-webm: 4f35f7cbe854078d1ac9338744f61a02 -> 
  custom:container-demuxer-ogg: 62fdf1f143b41e24485cea50d1cbac27 -> 
  custom:video-encoder-webm-vp8: eb34c28f22e8b96e1ab97ce403110664 -> 
  custom:video-decoder-webm-vp8: 9c59270c3fd7afecdb556c50c9e8de78 -> 
  custom:audio-decoder-ogg-vorbis: bf7c407c2cedff20999df2af8eb42d56 -> 
  custom:audio-encoder-webm-vorbis: bf7c407c2cedff20999df2af8eb42d56 -> 
========================================================================
Received Prepare
Registering precompiled user dll's ...
Registered in 0.007243 seconds.
Begin MonoManager ReloadAssembly
Native extension for WindowsStandalone target not found
Refreshing native plugins compatible for Editor in 0.59 ms, found 3 plugins.
Preloading 0 native plugins for Editor in 0.00 ms.
Mono: successfully reloaded assembly
- Completed reload, in  1.367 seconds
Platform modules already initialized, skipping
Refreshing native plugins compatible for Editor in 0.54 ms, found 3 plugins.
Preloading 0 native plugins for Editor in 0.00 ms.
Unloading 2083 Unused Serialized files (Serialized files now loaded: 0)
System memory in use before: 96.4 MB.
System memory in use after: 96.4 MB.

Unloading 21 unused Assets to reduce memory usage. Loaded Objects now: 2605.
Total: 3.636400 ms (FindLiveObjects: 0.257500 ms CreateObjectMapping: 0.077800 ms MarkObjects: 3.159900 ms  DeleteObjects: 0.140100 ms)

AssetImportParameters requested are different than current active one (requested -> active):
  custom:framework-win-MediaFoundation: 216162199b28c13a410421893ffa2e32 -> 
  custom:video-decoder-ogg-theora: a1e56fd34408186e4bbccfd4996cb3dc -> 
  custom:container-muxer-webm: aa71ff27fc2769a1b78a27578f13a17b -> 
  custom:container-demuxer-webm: 4f35f7cbe854078d1ac9338744f61a02 -> 
  custom:container-demuxer-ogg: 62fdf1f143b41e24485cea50d1cbac27 -> 
  custom:video-encoder-webm-vp8: eb34c28f22e8b96e1ab97ce403110664 -> 
  custom:video-decoder-webm-vp8: 9c59270c3fd7afecdb556c50c9e8de78 -> 
  custom:audio-decoder-ogg-vorbis: bf7c407c2cedff20999df2af8eb42d56 -> 
  custom:audio-encoder-webm-vorbis: bf7c407c2cedff20999df2af8eb42d56 -> 
========================================================================
Received Prepare
Registering precompiled user dll's ...
Registered in 0.005555 seconds.
Begin MonoManager ReloadAssembly
Native extension for WindowsStandalone target not found
Refreshing native plugins compatible for Editor in 0.56 ms, found 3 plugins.
Preloading 0 native plugins for Editor in 0.00 ms.
Mono: successfully reloaded assembly
- Completed reload, in  1.186 seconds
Platform modules already initialized, skipping
Refreshing native plugins compatible for Editor in 0.55 ms, found 3 plugins.
Preloading 0 native plugins for Editor in 0.00 ms.
Unloading 2083 Unused Serialized files (Serialized files now loaded: 0)
System memory in use before: 96.4 MB.
System memory in use after: 96.4 MB.

Unloading 21 unused Assets to reduce memory usage. Loaded Objects now: 2609.
Total: 3.596600 ms (FindLiveObjects: 0.251700 ms CreateObjectMapping: 0.076400 ms MarkObjects: 3.129800 ms  DeleteObjects: 0.137500 ms)

AssetImportParameters requested are different than current active one (requested -> active):
  custom:framework-win-MediaFoundation: 216162199b28c13a410421893ffa2e32 -> 
  custom:video-decoder-ogg-theora: a1e56fd34408186e4bbccfd4996cb3dc -> 
  custom:container-muxer-webm: aa71ff27fc2769a1b78a27578f13a17b -> 
  custom:container-demuxer-webm: 4f35f7cbe854078d1ac9338744f61a02 -> 
  custom:container-demuxer-ogg: 62fdf1f143b41e24485cea50d1cbac27 -> 
  custom:video-encoder-webm-vp8: eb34c28f22e8b96e1ab97ce403110664 -> 
  custom:video-decoder-webm-vp8: 9c59270c3fd7afecdb556c50c9e8de78 -> 
  custom:audio-decoder-ogg-vorbis: bf7c407c2cedff20999df2af8eb42d56 -> 
  custom:audio-encoder-webm-vorbis: bf7c407c2cedff20999df2af8eb42d56 -> 
========================================================================
Received Prepare
Registering precompiled user dll's ...
Registered in 0.072301 seconds.
Begin MonoManager ReloadAssembly
Native extension for WindowsStandalone target not found
Refreshing native plugins compatible for Editor in 0.58 ms, found 3 plugins.
Preloading 0 native plugins for Editor in 0.00 ms.
Mono: successfully reloaded assembly
- Completed reload, in  2.685 seconds
Platform modules already initialized, skipping
Refreshing native plugins compatible for Editor in 1.16 ms, found 3 plugins.
Preloading 0 native plugins for Editor in 0.00 ms.
Unloading 2083 Unused Serialized files (Serialized files now loaded: 0)
System memory in use before: 96.4 MB.
System memory in use after: 96.4 MB.

Unloading 21 unused Assets to reduce memory usage. Loaded Objects now: 2613.
Total: 7.936200 ms (FindLiveObjects: 0.812700 ms CreateObjectMapping: 0.438100 ms MarkObjects: 6.356600 ms  DeleteObjects: 0.326100 ms)

AssetImportParameters requested are different than current active one (requested -> active):
  custom:framework-win-MediaFoundation: 216162199b28c13a410421893ffa2e32 -> 
  custom:video-decoder-ogg-theora: a1e56fd34408186e4bbccfd4996cb3dc -> 
  custom:container-muxer-webm: aa71ff27fc2769a1b78a27578f13a17b -> 
  custom:container-demuxer-webm: 4f35f7cbe854078d1ac9338744f61a02 -> 
  custom:container-demuxer-ogg: 62fdf1f143b41e24485cea50d1cbac27 -> 
  custom:video-encoder-webm-vp8: eb34c28f22e8b96e1ab97ce403110664 -> 
  custom:video-decoder-webm-vp8: 9c59270c3fd7afecdb556c50c9e8de78 -> 
  custom:audio-decoder-ogg-vorbis: bf7c407c2cedff20999df2af8eb42d56 -> 
  custom:audio-encoder-webm-vorbis: bf7c407c2cedff20999df2af8eb42d56 -> 
========================================================================
Received Prepare
Registering precompiled user dll's ...
Registered in 0.007258 seconds.
Begin MonoManager ReloadAssembly
Native extension for WindowsStandalone target not found
Refreshing native plugins compatible for Editor in 1.36 ms, found 3 plugins.
Preloading 0 native plugins for Editor in 0.00 ms.
Mono: successfully reloaded assembly
- Completed reload, in  3.335 seconds
Platform modules already initialized, skipping
Refreshing native plugins compatible for Editor in 1.94 ms, found 3 plugins.
Preloading 0 native plugins for Editor in 0.00 ms.
Unloading 2083 Unused Serialized files (Serialized files now loaded: 0)
System memory in use before: 96.4 MB.
System memory in use after: 96.4 MB.

Unloading 21 unused Assets to reduce memory usage. Loaded Objects now: 2617.
Total: 5.667600 ms (FindLiveObjects: 0.605900 ms CreateObjectMapping: 0.195000 ms MarkObjects: 4.677900 ms  DeleteObjects: 0.186500 ms)

AssetImportParameters requested are different than current active one (requested -> active):
  custom:framework-win-MediaFoundation: 216162199b28c13a410421893ffa2e32 -> 
  custom:video-decoder-ogg-theora: a1e56fd34408186e4bbccfd4996cb3dc -> 
  custom:container-muxer-webm: aa71ff27fc2769a1b78a27578f13a17b -> 
  custom:container-demuxer-webm: 4f35f7cbe854078d1ac9338744f61a02 -> 
  custom:container-demuxer-ogg: 62fdf1f143b41e24485cea50d1cbac27 -> 
  custom:video-encoder-webm-vp8: eb34c28f22e8b96e1ab97ce403110664 -> 
  custom:video-decoder-webm-vp8: 9c59270c3fd7afecdb556c50c9e8de78 -> 
  custom:audio-decoder-ogg-vorbis: bf7c407c2cedff20999df2af8eb42d56 -> 
  custom:audio-encoder-webm-vorbis: bf7c407c2cedff20999df2af8eb42d56 -> 
========================================================================
Received Prepare
Registering precompiled user dll's ...
Registered in 0.008248 seconds.
Begin MonoManager ReloadAssembly
Native extension for WindowsStandalone target not found
Refreshing native plugins compatible for Editor in 0.53 ms, found 3 plugins.
Preloading 0 native plugins for Editor in 0.00 ms.
Mono: successfully reloaded assembly
- Completed reload, in  1.650 seconds
Platform modules already initialized, skipping
Refreshing native plugins compatible for Editor in 0.61 ms, found 3 plugins.
Preloading 0 native plugins for Editor in 0.00 ms.
Unloading 2083 Unused Serialized files (Serialized files now loaded: 0)
System memory in use before: 96.4 MB.
System memory in use after: 96.4 MB.

Unloading 21 unused Assets to reduce memory usage. Loaded Objects now: 2621.
Total: 3.436200 ms (FindLiveObjects: 0.351400 ms CreateObjectMapping: 0.137900 ms MarkObjects: 2.796900 ms  DeleteObjects: 0.148600 ms)

AssetImportParameters requested are different than current active one (requested -> active):
  custom:framework-win-MediaFoundation: 216162199b28c13a410421893ffa2e32 -> 
  custom:video-decoder-ogg-theora: a1e56fd34408186e4bbccfd4996cb3dc -> 
  custom:container-muxer-webm: aa71ff27fc2769a1b78a27578f13a17b -> 
  custom:container-demuxer-webm: 4f35f7cbe854078d1ac9338744f61a02 -> 
  custom:container-demuxer-ogg: 62fdf1f143b41e24485cea50d1cbac27 -> 
  custom:video-encoder-webm-vp8: eb34c28f22e8b96e1ab97ce403110664 -> 
  custom:video-decoder-webm-vp8: 9c59270c3fd7afecdb556c50c9e8de78 -> 
  custom:audio-decoder-ogg-vorbis: bf7c407c2cedff20999df2af8eb42d56 -> 
  custom:audio-encoder-webm-vorbis: bf7c407c2cedff20999df2af8eb42d56 -> 
========================================================================
Received Import Request.
  Time since last request: 1572.367627 seconds.
  path: ProjectSettings/TagManager.asset
  artifactKey: Guid(00000000000000003000000000000000) Importer(815301076,1909f56bfc062723c751e8b465ee728b)
Start importing ProjectSettings/TagManager.asset using Guid(00000000000000003000000000000000) Importer(815301076,1909f56bfc062723c751e8b465ee728b)  -> (artifact id: 'cc6b91aa65d3093874fd01d92efad6f1') in 0.035417 seconds 
  Import took 0.042220 seconds .

========================================================================
Received Prepare
Registering precompiled user dll's ...
Registered in 0.006097 seconds.
Begin MonoManager ReloadAssembly
Native extension for WindowsStandalone target not found
Refreshing native plugins compatible for Editor in 0.82 ms, found 3 plugins.
Preloading 0 native plugins for Editor in 0.00 ms.
Mono: successfully reloaded assembly
- Completed reload, in  1.553 seconds
Platform modules already initialized, skipping
Refreshing native plugins compatible for Editor in 0.60 ms, found 3 plugins.
Preloading 0 native plugins for Editor in 0.00 ms.
Unloading 2083 Unused Serialized files (Serialized files now loaded: 0)
System memory in use before: 96.4 MB.
System memory in use after: 96.4 MB.

Unloading 22 unused Assets to reduce memory usage. Loaded Objects now: 2625.
Total: 4.376100 ms (FindLiveObjects: 0.323100 ms CreateObjectMapping: 0.116500 ms MarkObjects: 3.794400 ms  DeleteObjects: 0.140500 ms)

AssetImportParameters requested are different than current active one (requested -> active):
  custom:framework-win-MediaFoundation: 216162199b28c13a410421893ffa2e32 -> 
  custom:video-decoder-ogg-theora: a1e56fd34408186e4bbccfd4996cb3dc -> 
  custom:container-muxer-webm: aa71ff27fc2769a1b78a27578f13a17b -> 
  custom:container-demuxer-webm: 4f35f7cbe854078d1ac9338744f61a02 -> 
  custom:container-demuxer-ogg: 62fdf1f143b41e24485cea50d1cbac27 -> 
  custom:video-encoder-webm-vp8: eb34c28f22e8b96e1ab97ce403110664 -> 
  custom:video-decoder-webm-vp8: 9c59270c3fd7afecdb556c50c9e8de78 -> 
  custom:audio-decoder-ogg-vorbis: bf7c407c2cedff20999df2af8eb42d56 -> 
  custom:audio-encoder-webm-vorbis: bf7c407c2cedff20999df2af8eb42d56 -> 
========================================================================
Received Prepare
Registering precompiled user dll's ...
Registered in 0.009052 seconds.
Begin MonoManager ReloadAssembly
Native extension for WindowsStandalone target not found
Refreshing native plugins compatible for Editor in 0.53 ms, found 3 plugins.
Preloading 0 native plugins for Editor in 0.00 ms.
Mono: successfully reloaded assembly
- Completed reload, in  1.475 seconds
Platform modules already initialized, skipping
Refreshing native plugins compatible for Editor in 0.61 ms, found 3 plugins.
Preloading 0 native plugins for Editor in 0.00 ms.
Unloading 2083 Unused Serialized files (Serialized files now loaded: 0)
System memory in use before: 96.4 MB.
System memory in use after: 96.4 MB.

Unloading 21 unused Assets to reduce memory usage. Loaded Objects now: 2629.
Total: 2.975100 ms (FindLiveObjects: 0.261000 ms CreateObjectMapping: 0.103600 ms MarkObjects: 2.446500 ms  DeleteObjects: 0.162600 ms)

AssetImportParameters requested are different than current active one (requested -> active):
  custom:framework-win-MediaFoundation: 216162199b28c13a410421893ffa2e32 -> 
  custom:video-decoder-ogg-theora: a1e56fd34408186e4bbccfd4996cb3dc -> 
  custom:container-muxer-webm: aa71ff27fc2769a1b78a27578f13a17b -> 
  custom:container-demuxer-webm: 4f35f7cbe854078d1ac9338744f61a02 -> 
  custom:container-demuxer-ogg: 62fdf1f143b41e24485cea50d1cbac27 -> 
  custom:video-encoder-webm-vp8: eb34c28f22e8b96e1ab97ce403110664 -> 
  custom:video-decoder-webm-vp8: 9c59270c3fd7afecdb556c50c9e8de78 -> 
  custom:audio-decoder-ogg-vorbis: bf7c407c2cedff20999df2af8eb42d56 -> 
  custom:audio-encoder-webm-vorbis: bf7c407c2cedff20999df2af8eb42d56 -> 
========================================================================
Received Prepare
Registering precompiled user dll's ...
Registered in 0.011200 seconds.
Begin MonoManager ReloadAssembly
Native extension for WindowsStandalone target not found
Refreshing native plugins compatible for Editor in 0.57 ms, found 3 plugins.
Preloading 0 native plugins for Editor in 0.00 ms.
Mono: successfully reloaded assembly
- Completed reload, in  1.253 seconds
Platform modules already initialized, skipping
Refreshing native plugins compatible for Editor in 0.60 ms, found 3 plugins.
Preloading 0 native plugins for Editor in 0.00 ms.
Unloading 2083 Unused Serialized files (Serialized files now loaded: 0)
System memory in use before: 96.4 MB.
System memory in use after: 96.4 MB.

Unloading 21 unused Assets to reduce memory usage. Loaded Objects now: 2633.
Total: 3.743500 ms (FindLiveObjects: 0.260600 ms CreateObjectMapping: 0.117700 ms MarkObjects: 3.219400 ms  DeleteObjects: 0.144400 ms)

AssetImportParameters requested are different than current active one (requested -> active):
  custom:framework-win-MediaFoundation: 216162199b28c13a410421893ffa2e32 -> 
  custom:video-decoder-ogg-theora: a1e56fd34408186e4bbccfd4996cb3dc -> 
  custom:container-muxer-webm: aa71ff27fc2769a1b78a27578f13a17b -> 
  custom:container-demuxer-webm: 4f35f7cbe854078d1ac9338744f61a02 -> 
  custom:container-demuxer-ogg: 62fdf1f143b41e24485cea50d1cbac27 -> 
  custom:video-encoder-webm-vp8: eb34c28f22e8b96e1ab97ce403110664 -> 
  custom:video-decoder-webm-vp8: 9c59270c3fd7afecdb556c50c9e8de78 -> 
  custom:audio-decoder-ogg-vorbis: bf7c407c2cedff20999df2af8eb42d56 -> 
  custom:audio-encoder-webm-vorbis: bf7c407c2cedff20999df2af8eb42d56 -> 
========================================================================
Received Import Request.
  Time since last request: 585.325850 seconds.
  path: Assets/Apple.prefab
  artifactKey: Guid(b4b0cee43525a5f4f9acc0970e7b6e76) Importer(815301076,1909f56bfc062723c751e8b465ee728b)
Start importing Assets/Apple.prefab using Guid(b4b0cee43525a5f4f9acc0970e7b6e76) Importer(815301076,1909f56bfc062723c751e8b465ee728b)  -> (artifact id: 'd8f51bbc01204593bc839026a7dacb24') in 0.079853 seconds 
  Import took 0.084855 seconds .

========================================================================
Received Import Request.
  Time since last request: 78.482017 seconds.
  path: Assets/coin.mp3
  artifactKey: Guid(646bd9d62bd90af41a75443fa832aeca) Importer(815301076,1909f56bfc062723c751e8b465ee728b)
Start importing Assets/coin.mp3 using Guid(646bd9d62bd90af41a75443fa832aeca) Importer(815301076,1909f56bfc062723c751e8b465ee728b)  -> (artifact id: '0c0c995f4228015b7f25cf36a9222a2a') in 0.133288 seconds 
  Import took 0.141194 seconds .

========================================================================
Received Import Request.
  Time since last request: 7.802230 seconds.
  path: Assets/Apple.prefab
  artifactKey: Guid(b4b0cee43525a5f4f9acc0970e7b6e76) Importer(815301076,1909f56bfc062723c751e8b465ee728b)
Start importing Assets/Apple.prefab using Guid(b4b0cee43525a5f4f9acc0970e7b6e76) Importer(815301076,1909f56bfc062723c751e8b465ee728b)  -> (artifact id: 'fbeee311442b0d70390844d59f24c02d') in 0.029685 seconds 
  Import took 0.038013 seconds .

========================================================================
Received Prepare
Registering precompiled user dll's ...
Registered in 0.011640 seconds.
Begin MonoManager ReloadAssembly
Native extension for WindowsStandalone target not found
Refreshing native plugins compatible for Editor in 0.56 ms, found 3 plugins.
Preloading 0 native plugins for Editor in 0.00 ms.
Mono: successfully reloaded assembly
- Completed reload, in  1.378 seconds
Platform modules already initialized, skipping
Refreshing native plugins compatible for Editor in 0.56 ms, found 3 plugins.
Preloading 0 native plugins for Editor in 0.00 ms.
Unloading 2083 Unused Serialized files (Serialized files now loaded: 0)
System memory in use before: 96.5 MB.
System memory in use after: 96.5 MB.

Unloading 21 unused Assets to reduce memory usage. Loaded Objects now: 2640.
Total: 3.844000 ms (FindLiveObjects: 0.295900 ms CreateObjectMapping: 0.127600 ms MarkObjects: 3.283600 ms  DeleteObjects: 0.135300 ms)

AssetImportParameters requested are different than current active one (requested -> active):
  custom:framework-win-MediaFoundation: 216162199b28c13a410421893ffa2e32 -> 
  custom:video-decoder-ogg-theora: a1e56fd34408186e4bbccfd4996cb3dc -> 
  custom:container-muxer-webm: aa71ff27fc2769a1b78a27578f13a17b -> 
  custom:container-demuxer-webm: 4f35f7cbe854078d1ac9338744f61a02 -> 
  custom:container-demuxer-ogg: 62fdf1f143b41e24485cea50d1cbac27 -> 
  custom:video-encoder-webm-vp8: eb34c28f22e8b96e1ab97ce403110664 -> 
  custom:video-decoder-webm-vp8: 9c59270c3fd7afecdb556c50c9e8de78 -> 
  custom:audio-decoder-ogg-vorbis: bf7c407c2cedff20999df2af8eb42d56 -> 
  custom:audio-encoder-webm-vorbis: bf7c407c2cedff20999df2af8eb42d56 -> 
========================================================================
Received Import Request.
  Time since last request: 19.716511 seconds.
  path: Assets/Apple.prefab
  artifactKey: Guid(b4b0cee43525a5f4f9acc0970e7b6e76) Importer(815301076,1909f56bfc062723c751e8b465ee728b)
Start importing Assets/Apple.prefab using Guid(b4b0cee43525a5f4f9acc0970e7b6e76) Importer(815301076,1909f56bfc062723c751e8b465ee728b)  -> (artifact id: 'f17f7c19dc8ac34461742c48acd7efce') in 0.067127 seconds 
  Import took 0.073083 seconds .

========================================================================
Received Prepare
Registering precompiled user dll's ...
Registered in 0.005150 seconds.
Begin MonoManager ReloadAssembly
Native extension for WindowsStandalone target not found
Refreshing native plugins compatible for Editor in 0.56 ms, found 3 plugins.
Preloading 0 native plugins for Editor in 0.00 ms.
Mono: successfully reloaded assembly
- Completed reload, in  1.444 seconds
Platform modules already initialized, skipping
Refreshing native plugins compatible for Editor in 0.59 ms, found 3 plugins.
Preloading 0 native plugins for Editor in 0.00 ms.
Unloading 2083 Unused Serialized files (Serialized files now loaded: 0)
System memory in use before: 96.5 MB.
System memory in use after: 96.5 MB.

Unloading 21 unused Assets to reduce memory usage. Loaded Objects now: 2645.
Total: 3.957400 ms (FindLiveObjects: 0.257000 ms CreateObjectMapping: 0.084400 ms MarkObjects: 3.469300 ms  DeleteObjects: 0.145400 ms)

AssetImportParameters requested are different than current active one (requested -> active):
  custom:framework-win-MediaFoundation: 216162199b28c13a410421893ffa2e32 -> 
  custom:video-decoder-ogg-theora: a1e56fd34408186e4bbccfd4996cb3dc -> 
  custom:container-muxer-webm: aa71ff27fc2769a1b78a27578f13a17b -> 
  custom:container-demuxer-webm: 4f35f7cbe854078d1ac9338744f61a02 -> 
  custom:container-demuxer-ogg: 62fdf1f143b41e24485cea50d1cbac27 -> 
  custom:video-encoder-webm-vp8: eb34c28f22e8b96e1ab97ce403110664 -> 
  custom:video-decoder-webm-vp8: 9c59270c3fd7afecdb556c50c9e8de78 -> 
  custom:audio-decoder-ogg-vorbis: bf7c407c2cedff20999df2af8eb42d56 -> 
  custom:audio-encoder-webm-vorbis: bf7c407c2cedff20999df2af8eb42d56 -> 
========================================================================
Received Prepare
Registering precompiled user dll's ...
Registered in 0.006210 seconds.
Begin MonoManager ReloadAssembly
Native extension for WindowsStandalone target not found
Refreshing native plugins compatible for Editor in 0.56 ms, found 3 plugins.
Preloading 0 native plugins for Editor in 0.00 ms.
Mono: successfully reloaded assembly
- Completed reload, in  1.214 seconds
Platform modules already initialized, skipping
Refreshing native plugins compatible for Editor in 0.58 ms, found 3 plugins.
Preloading 0 native plugins for Editor in 0.00 ms.
Unloading 2083 Unused Serialized files (Serialized files now loaded: 0)
System memory in use before: 96.5 MB.
System memory in use after: 96.5 MB.

Unloading 21 unused Assets to reduce memory usage. Loaded Objects now: 2649.
Total: 3.688000 ms (FindLiveObjects: 0.275800 ms CreateObjectMapping: 0.109800 ms MarkObjects: 3.159500 ms  DeleteObjects: 0.141400 ms)

AssetImportParameters requested are different than current active one (requested -> active):
  custom:framework-win-MediaFoundation: 216162199b28c13a410421893ffa2e32 -> 
  custom:video-decoder-ogg-theora: a1e56fd34408186e4bbccfd4996cb3dc -> 
  custom:container-muxer-webm: aa71ff27fc2769a1b78a27578f13a17b -> 
  custom:container-demuxer-webm: 4f35f7cbe854078d1ac9338744f61a02 -> 
  custom:container-demuxer-ogg: 62fdf1f143b41e24485cea50d1cbac27 -> 
  custom:video-encoder-webm-vp8: eb34c28f22e8b96e1ab97ce403110664 -> 
  custom:video-decoder-webm-vp8: 9c59270c3fd7afecdb556c50c9e8de78 -> 
  custom:audio-decoder-ogg-vorbis: bf7c407c2cedff20999df2af8eb42d56 -> 
  custom:audio-encoder-webm-vorbis: bf7c407c2cedff20999df2af8eb42d56 -> 
========================================================================
Received Prepare
Registering precompiled user dll's ...
Registered in 0.006806 seconds.
Begin MonoManager ReloadAssembly
Native extension for WindowsStandalone target not found
Refreshing native plugins compatible for Editor in 0.54 ms, found 3 plugins.
Preloading 0 native plugins for Editor in 0.00 ms.
Mono: successfully reloaded assembly
- Completed reload, in  1.387 seconds
Platform modules already initialized, skipping
Refreshing native plugins compatible for Editor in 0.59 ms, found 3 plugins.
Preloading 0 native plugins for Editor in 0.00 ms.
Unloading 2083 Unused Serialized files (Serialized files now loaded: 0)
System memory in use before: 96.5 MB.
System memory in use after: 96.5 MB.

Unloading 21 unused Assets to reduce memory usage. Loaded Objects now: 2653.
Total: 3.770700 ms (FindLiveObjects: 0.283800 ms CreateObjectMapping: 0.107600 ms MarkObjects: 3.222500 ms  DeleteObjects: 0.155400 ms)

AssetImportParameters requested are different than current active one (requested -> active):
  custom:framework-win-MediaFoundation: 216162199b28c13a410421893ffa2e32 -> 
  custom:video-decoder-ogg-theora: a1e56fd34408186e4bbccfd4996cb3dc -> 
  custom:container-muxer-webm: aa71ff27fc2769a1b78a27578f13a17b -> 
  custom:container-demuxer-webm: 4f35f7cbe854078d1ac9338744f61a02 -> 
  custom:container-demuxer-ogg: 62fdf1f143b41e24485cea50d1cbac27 -> 
  custom:video-encoder-webm-vp8: eb34c28f22e8b96e1ab97ce403110664 -> 
  custom:video-decoder-webm-vp8: 9c59270c3fd7afecdb556c50c9e8de78 -> 
  custom:audio-decoder-ogg-vorbis: bf7c407c2cedff20999df2af8eb42d56 -> 
  custom:audio-encoder-webm-vorbis: bf7c407c2cedff20999df2af8eb42d56 -> 
========================================================================
Received Prepare
Registering precompiled user dll's ...
Registered in 0.005512 seconds.
Begin MonoManager ReloadAssembly
Native extension for WindowsStandalone target not found
Refreshing native plugins compatible for Editor in 0.54 ms, found 3 plugins.
Preloading 0 native plugins for Editor in 0.00 ms.
Mono: successfully reloaded assembly
- Completed reload, in  1.398 seconds
Platform modules already initialized, skipping
Refreshing native plugins compatible for Editor in 0.58 ms, found 3 plugins.
Preloading 0 native plugins for Editor in 0.00 ms.
Unloading 2083 Unused Serialized files (Serialized files now loaded: 0)
System memory in use before: 96.5 MB.
System memory in use after: 96.5 MB.

Unloading 21 unused Assets to reduce memory usage. Loaded Objects now: 2657.
Total: 3.411400 ms (FindLiveObjects: 0.279700 ms CreateObjectMapping: 0.104300 ms MarkObjects: 2.856700 ms  DeleteObjects: 0.169200 ms)

AssetImportParameters requested are different than current active one (requested -> active):
  custom:framework-win-MediaFoundation: 216162199b28c13a410421893ffa2e32 -> 
  custom:video-decoder-ogg-theora: a1e56fd34408186e4bbccfd4996cb3dc -> 
  custom:container-muxer-webm: aa71ff27fc2769a1b78a27578f13a17b -> 
  custom:container-demuxer-webm: 4f35f7cbe854078d1ac9338744f61a02 -> 
  custom:container-demuxer-ogg: 62fdf1f143b41e24485cea50d1cbac27 -> 
  custom:video-encoder-webm-vp8: eb34c28f22e8b96e1ab97ce403110664 -> 
  custom:video-decoder-webm-vp8: 9c59270c3fd7afecdb556c50c9e8de78 -> 
  custom:audio-decoder-ogg-vorbis: bf7c407c2cedff20999df2af8eb42d56 -> 
  custom:audio-encoder-webm-vorbis: bf7c407c2cedff20999df2af8eb42d56 -> 
========================================================================
Received Prepare
Registering precompiled user dll's ...
Registered in 0.005346 seconds.
Begin MonoManager ReloadAssembly
Native extension for WindowsStandalone target not found
Refreshing native plugins compatible for Editor in 0.58 ms, found 3 plugins.
Preloading 0 native plugins for Editor in 0.00 ms.
Mono: successfully reloaded assembly
- Completed reload, in  1.482 seconds
Platform modules already initialized, skipping
Refreshing native plugins compatible for Editor in 0.53 ms, found 3 plugins.
Preloading 0 native plugins for Editor in 0.00 ms.
Unloading 2083 Unused Serialized files (Serialized files now loaded: 0)
System memory in use before: 96.6 MB.
System memory in use after: 96.5 MB.

Unloading 21 unused Assets to reduce memory usage. Loaded Objects now: 2661.
Total: 3.488700 ms (FindLiveObjects: 0.278900 ms CreateObjectMapping: 0.109300 ms MarkObjects: 2.941400 ms  DeleteObjects: 0.157900 ms)

AssetImportParameters requested are different than current active one (requested -> active):
  custom:framework-win-MediaFoundation: 216162199b28c13a410421893ffa2e32 -> 
  custom:video-decoder-ogg-theora: a1e56fd34408186e4bbccfd4996cb3dc -> 
  custom:container-muxer-webm: aa71ff27fc2769a1b78a27578f13a17b -> 
  custom:container-demuxer-webm: 4f35f7cbe854078d1ac9338744f61a02 -> 
  custom:container-demuxer-ogg: 62fdf1f143b41e24485cea50d1cbac27 -> 
  custom:video-encoder-webm-vp8: eb34c28f22e8b96e1ab97ce403110664 -> 
  custom:video-decoder-webm-vp8: 9c59270c3fd7afecdb556c50c9e8de78 -> 
  custom:audio-decoder-ogg-vorbis: bf7c407c2cedff20999df2af8eb42d56 -> 
  custom:audio-encoder-webm-vorbis: bf7c407c2cedff20999df2af8eb42d56 -> 
========================================================================
Received Prepare
Registering precompiled user dll's ...
Registered in 0.012486 seconds.
Begin MonoManager ReloadAssembly
Native extension for WindowsStandalone target not found
Refreshing native plugins compatible for Editor in 0.92 ms, found 3 plugins.
Preloading 0 native plugins for Editor in 0.00 ms.
Mono: successfully reloaded assembly
- Completed reload, in  1.622 seconds
Platform modules already initialized, skipping
Refreshing native plugins compatible for Editor in 0.61 ms, found 3 plugins.
Preloading 0 native plugins for Editor in 0.00 ms.
Unloading 2083 Unused Serialized files (Serialized files now loaded: 0)
System memory in use before: 96.6 MB.
System memory in use after: 96.5 MB.

Unloading 21 unused Assets to reduce memory usage. Loaded Objects now: 2665.
Total: 3.720300 ms (FindLiveObjects: 0.313400 ms CreateObjectMapping: 0.097800 ms MarkObjects: 3.128300 ms  DeleteObjects: 0.178900 ms)

AssetImportParameters requested are different than current active one (requested -> active):
  custom:framework-win-MediaFoundation: 216162199b28c13a410421893ffa2e32 -> 
  custom:video-decoder-ogg-theora: a1e56fd34408186e4bbccfd4996cb3dc -> 
  custom:container-muxer-webm: aa71ff27fc2769a1b78a27578f13a17b -> 
  custom:container-demuxer-webm: 4f35f7cbe854078d1ac9338744f61a02 -> 
  custom:container-demuxer-ogg: 62fdf1f143b41e24485cea50d1cbac27 -> 
  custom:video-encoder-webm-vp8: eb34c28f22e8b96e1ab97ce403110664 -> 
  custom:video-decoder-webm-vp8: 9c59270c3fd7afecdb556c50c9e8de78 -> 
  custom:audio-decoder-ogg-vorbis: bf7c407c2cedff20999df2af8eb42d56 -> 
  custom:audio-encoder-webm-vorbis: bf7c407c2cedff20999df2af8eb42d56 -> 
========================================================================
Received Prepare
Registering precompiled user dll's ...
Registered in 0.006004 seconds.
Begin MonoManager ReloadAssembly
Native extension for WindowsStandalone target not found
Refreshing native plugins compatible for Editor in 0.56 ms, found 3 plugins.
Preloading 0 native plugins for Editor in 0.00 ms.
Mono: successfully reloaded assembly
- Completed reload, in  1.866 seconds
Platform modules already initialized, skipping
Refreshing native plugins compatible for Editor in 0.60 ms, found 3 plugins.
Preloading 0 native plugins for Editor in 0.00 ms.
Unloading 2083 Unused Serialized files (Serialized files now loaded: 0)
System memory in use before: 96.6 MB.
System memory in use after: 96.6 MB.

Unloading 21 unused Assets to reduce memory usage. Loaded Objects now: 2669.
Total: 3.716300 ms (FindLiveObjects: 0.477700 ms CreateObjectMapping: 0.115900 ms MarkObjects: 2.989500 ms  DeleteObjects: 0.131400 ms)

AssetImportParameters requested are different than current active one (requested -> active):
  custom:framework-win-MediaFoundation: 216162199b28c13a410421893ffa2e32 -> 
  custom:video-decoder-ogg-theora: a1e56fd34408186e4bbccfd4996cb3dc -> 
  custom:container-muxer-webm: aa71ff27fc2769a1b78a27578f13a17b -> 
  custom:container-demuxer-webm: 4f35f7cbe854078d1ac9338744f61a02 -> 
  custom:container-demuxer-ogg: 62fdf1f143b41e24485cea50d1cbac27 -> 
  custom:video-encoder-webm-vp8: eb34c28f22e8b96e1ab97ce403110664 -> 
  custom:video-decoder-webm-vp8: 9c59270c3fd7afecdb556c50c9e8de78 -> 
  custom:audio-decoder-ogg-vorbis: bf7c407c2cedff20999df2af8eb42d56 -> 
  custom:audio-encoder-webm-vorbis: bf7c407c2cedff20999df2af8eb42d56 -> 
